<?xml version="1.0" encoding="UTF-8"?>
<testsuites name="Common UI Tests" time="156" tests="9" failures="0" errors="0">
   <testsuite name="Common UI Tests" tests="9" failures="0" errors="0" time="156" timestamp="2019-01-19 21:56:19" hostname="klusm - 192.168.0.13" id="Test Suites/Common UI Tests">
      <properties>
         <property name="deviceName" value=""/>
         <property name="devicePlatform" value=""/>
         <property name="logFolder" value="/Users/klusm/Documents/agh/Testowanie/shop-zpw-tests/shop-zpw-tests/Reports/Common UI Tests/20190119_215617"/>
         <property name="logFiles" value="/Users/klusm/Documents/agh/Testowanie/shop-zpw-tests/shop-zpw-tests/Reports/Common UI Tests/20190119_215617/execution0.log"/>
         <property name="attachments" value=""/>
         <property name="hostName" value="klusm - 192.168.0.13"/>
         <property name="os" value="Mac OS X 64bit"/>
         <property name="katalonVersion" value="5.10.1.1"/>
         <property name="browser" value="Firefox 59.0"/>
         <property name="hostAddress" value="192.168.0.13"/>
         <property name="sessionId" value="b3117a0b-df81-024a-a467-3de5a56d87bb"/>
         <property name="seleniumVersion" value="3.7.1"/>
         <property name="proxyInformation" value="ProxyInformation{proxyOption=NO_PROXY, proxyServerType=HTTP, password=, proxyServerAddress=, proxyServerPort=0}"/>
         <property name="platform" value="Mac OS X"/>
      </properties>
      <testcase name="Test Cases/Web UI Tests/Login and registration/1 Login with valid admin account" classname="Test Cases/Web UI Tests/Login and registration/1 Login with valid admin account" status="PASSED">
         <system-out><![CDATA[2019-01-19 21:56:20 - [TEST_CASE][PASSED] - Test Cases/Web UI Tests/Login and registration/1 Login with valid admin account: Test Cases/Web UI Tests/Login and registration/1 Login with valid admin account

2019-01-19 21:56:20 - [TEST_STEP][PASSED] - openBrowser(""): Browser is opened with url: ''

2019-01-19 21:56:20 - [MESSAGE][INFO] - Starting 'Firefox' driver

2019-01-19 21:56:20 - [MESSAGE][INFO] - Action delay is set to 0 seconds

2019-01-19 21:56:23 - [MESSAGE][PASSED] - Browser is opened with url: ''

2019-01-19 21:56:23 - [TEST_STEP][PASSED] - navigateToUrl("https://hidden-meadow-13855.herokuapp.com/"): Navigate to 'https://hidden-meadow-13855.herokuapp.com/' successfully

2019-01-19 21:56:33 - [MESSAGE][PASSED] - Navigate to 'https://hidden-meadow-13855.herokuapp.com/' successfully

2019-01-19 21:56:33 - [TEST_STEP][PASSED] - setText(findTestObject("Page_Shop ZPW/input_Email_email (2)"), "admin@shop.com"): Text 'admin@shop.com' is set on object 'Object Repository/Page_Shop ZPW/input_Email_email (2)'

2019-01-19 21:56:34 - [MESSAGE][PASSED] - Text 'admin@shop.com' is set on object 'Object Repository/Page_Shop ZPW/input_Email_email (2)'

2019-01-19 21:56:34 - [TEST_STEP][PASSED] - setEncryptedText(findTestObject("Page_Shop ZPW/input_Password_password (2)"), "8SQVv/p9jVScEs4/2CZsLw=="): Text ****** has been set on object 'Object Repository/Page_Shop ZPW/input_Password_password (2)'

2019-01-19 21:56:34 - [MESSAGE][PASSED] - Text ****** has been set on object 'Object Repository/Page_Shop ZPW/input_Password_password (2)'

2019-01-19 21:56:34 - [TEST_STEP][PASSED] - click(findTestObject("Page_Shop ZPW/button_Login")): Object: 'Object Repository/Page_Shop ZPW/button_Login' is clicked on

2019-01-19 21:56:35 - [MESSAGE][PASSED] - Object: 'Object Repository/Page_Shop ZPW/button_Login' is clicked on

2019-01-19 21:56:35 - [TEST_STEP][PASSED] - verifyElementPresent(findTestObject("Page_Shop ZPW/a_Administrator Panel"), 100): Object 'Object Repository/Page_Shop ZPW/a_Administrator Panel' is present

2019-01-19 21:56:36 - [MESSAGE][PASSED] - Object 'Object Repository/Page_Shop ZPW/a_Administrator Panel' is present

2019-01-19 21:56:36 - [TEST_STEP][PASSED] - click(findTestObject("Page_Shop ZPW/a_Administrator Panel")): Object: 'Object Repository/Page_Shop ZPW/a_Administrator Panel' is clicked on

2019-01-19 21:56:36 - [MESSAGE][PASSED] - Object: 'Object Repository/Page_Shop ZPW/a_Administrator Panel' is clicked on

2019-01-19 21:56:36 - [TEST_STEP][PASSED] - verifyElementPresent(findTestObject("Page_Shop ZPW/a_Orders"), 100): Object 'Object Repository/Page_Shop ZPW/a_Orders' is present

2019-01-19 21:56:36 - [MESSAGE][PASSED] - Object 'Object Repository/Page_Shop ZPW/a_Orders' is present

2019-01-19 21:56:36 - [TEST_STEP][PASSED] - click(findTestObject("Page_Shop ZPW/a_Orders"), STOP_ON_FAILURE): Object: 'Object Repository/Page_Shop ZPW/a_Orders' is clicked on

2019-01-19 21:56:36 - [MESSAGE][PASSED] - Object: 'Object Repository/Page_Shop ZPW/a_Orders' is clicked on

2019-01-19 21:56:36 - [TEST_STEP][PASSED] - verifyElementPresent(findTestObject("Page_Shop ZPW/a_Products"), 100): Object 'Object Repository/Page_Shop ZPW/a_Products' is present

2019-01-19 21:56:36 - [MESSAGE][PASSED] - Object 'Object Repository/Page_Shop ZPW/a_Products' is present

2019-01-19 21:56:36 - [TEST_STEP][PASSED] - click(findTestObject("Page_Shop ZPW/a_Products")): Object: 'Object Repository/Page_Shop ZPW/a_Products' is clicked on

2019-01-19 21:56:37 - [MESSAGE][PASSED] - Object: 'Object Repository/Page_Shop ZPW/a_Products' is clicked on

2019-01-19 21:56:37 - [TEST_STEP][PASSED] - verifyElementPresent(findTestObject("Page_Shop ZPW/a_New Product"), 100): Object 'Object Repository/Page_Shop ZPW/a_New Product' is present

2019-01-19 21:56:37 - [MESSAGE][PASSED] - Object 'Object Repository/Page_Shop ZPW/a_New Product' is present

2019-01-19 21:56:37 - [TEST_STEP][PASSED] - click(findTestObject("Page_Shop ZPW/a_New Product")): Object: 'Object Repository/Page_Shop ZPW/a_New Product' is clicked on

2019-01-19 21:56:37 - [MESSAGE][PASSED] - Object: 'Object Repository/Page_Shop ZPW/a_New Product' is clicked on

2019-01-19 21:56:37 - [TEST_STEP][PASSED] - verifyElementPresent(findTestObject("Page_Shop ZPW/a_Configuration"), 100): Object 'Object Repository/Page_Shop ZPW/a_Configuration' is present

2019-01-19 21:56:37 - [MESSAGE][PASSED] - Object 'Object Repository/Page_Shop ZPW/a_Configuration' is present

2019-01-19 21:56:37 - [TEST_STEP][PASSED] - click(findTestObject("Page_Shop ZPW/a_Configuration")): Object: 'Object Repository/Page_Shop ZPW/a_Configuration' is clicked on

2019-01-19 21:56:37 - [MESSAGE][PASSED] - Object: 'Object Repository/Page_Shop ZPW/a_Configuration' is clicked on

2019-01-19 21:56:37 - [TEST_STEP][PASSED] - click(findTestObject("Page_Shop ZPW/button_Logout (1)")): Object: 'Object Repository/Page_Shop ZPW/button_Logout (1)' is clicked on

2019-01-19 21:56:37 - [MESSAGE][PASSED] - Object: 'Object Repository/Page_Shop ZPW/button_Logout (1)' is clicked on

2019-01-19 21:56:37 - [TEST_STEP][PASSED] - closeBrowser(): Browser is closed

2019-01-19 21:56:38 - [MESSAGE][PASSED] - Browser is closed]]></system-out>
         <system-err><![CDATA[]]></system-err>
      </testcase>
      <testcase name="Test Cases/Web UI Tests/Login and registration/2 Login with valid employee account" classname="Test Cases/Web UI Tests/Login and registration/2 Login with valid employee account" status="PASSED">
         <system-out><![CDATA[2019-01-19 21:56:38 - [TEST_CASE][PASSED] - Test Cases/Web UI Tests/Login and registration/2 Login with valid employee account: Test Cases/Web UI Tests/Login and registration/2 Login with valid employee account

2019-01-19 21:56:38 - [TEST_STEP][PASSED] - openBrowser(""): Browser is opened with url: ''

2019-01-19 21:56:38 - [MESSAGE][INFO] - Starting 'Firefox' driver

2019-01-19 21:56:40 - [MESSAGE][PASSED] - Browser is opened with url: ''

2019-01-19 21:56:40 - [TEST_STEP][PASSED] - navigateToUrl("https://hidden-meadow-13855.herokuapp.com/"): Navigate to 'https://hidden-meadow-13855.herokuapp.com/' successfully

2019-01-19 21:56:47 - [MESSAGE][PASSED] - Navigate to 'https://hidden-meadow-13855.herokuapp.com/' successfully

2019-01-19 21:56:47 - [TEST_STEP][PASSED] - setText(findTestObject("Page_Shop ZPW/input_Email_email (2)"), "emp@shop.com"): Text 'emp@shop.com' is set on object 'Object Repository/Page_Shop ZPW/input_Email_email (2)'

2019-01-19 21:56:48 - [MESSAGE][PASSED] - Text 'emp@shop.com' is set on object 'Object Repository/Page_Shop ZPW/input_Email_email (2)'

2019-01-19 21:56:48 - [TEST_STEP][PASSED] - setEncryptedText(findTestObject("Page_Shop ZPW/input_Password_password (2)"), "8SQVv/p9jVScEs4/2CZsLw=="): Text ****** has been set on object 'Object Repository/Page_Shop ZPW/input_Password_password (2)'

2019-01-19 21:56:48 - [MESSAGE][PASSED] - Text ****** has been set on object 'Object Repository/Page_Shop ZPW/input_Password_password (2)'

2019-01-19 21:56:48 - [TEST_STEP][PASSED] - click(findTestObject("Page_Shop ZPW/button_Login")): Object: 'Object Repository/Page_Shop ZPW/button_Login' is clicked on

2019-01-19 21:56:49 - [MESSAGE][PASSED] - Object: 'Object Repository/Page_Shop ZPW/button_Login' is clicked on

2019-01-19 21:56:49 - [TEST_STEP][PASSED] - verifyElementPresent(findTestObject("Page_Shop ZPW/a_Administrator Panel"), 100): Object 'Object Repository/Page_Shop ZPW/a_Administrator Panel' is present

2019-01-19 21:56:51 - [MESSAGE][PASSED] - Object 'Object Repository/Page_Shop ZPW/a_Administrator Panel' is present

2019-01-19 21:56:51 - [TEST_STEP][PASSED] - click(findTestObject("Page_Shop ZPW/a_Administrator Panel")): Object: 'Object Repository/Page_Shop ZPW/a_Administrator Panel' is clicked on

2019-01-19 21:56:51 - [MESSAGE][PASSED] - Object: 'Object Repository/Page_Shop ZPW/a_Administrator Panel' is clicked on

2019-01-19 21:56:51 - [TEST_STEP][PASSED] - verifyElementPresent(findTestObject("Page_Shop ZPW/a_Orders"), 100): Object 'Object Repository/Page_Shop ZPW/a_Orders' is present

2019-01-19 21:56:51 - [MESSAGE][PASSED] - Object 'Object Repository/Page_Shop ZPW/a_Orders' is present

2019-01-19 21:56:51 - [TEST_STEP][PASSED] - click(findTestObject("Page_Shop ZPW/a_Orders"), STOP_ON_FAILURE): Object: 'Object Repository/Page_Shop ZPW/a_Orders' is clicked on

2019-01-19 21:56:51 - [MESSAGE][PASSED] - Object: 'Object Repository/Page_Shop ZPW/a_Orders' is clicked on

2019-01-19 21:56:51 - [TEST_STEP][PASSED] - verifyElementNotPresent(findTestObject("Page_Shop ZPW/a_Products"), 100): Web element with id: 'Object Repository/Page_Shop ZPW/a_Products' located by 'By.xpath: //div[@id='navbarLeftResponsive']/ul/li[2]/a' is not present after '100' second(s)

2019-01-19 21:56:51 - [MESSAGE][PASSED] - Web element with id: 'Object Repository/Page_Shop ZPW/a_Products' located by 'By.xpath: //div[@id='navbarLeftResponsive']/ul/li[2]/a' is not present after '100' second(s)

2019-01-19 21:56:51 - [TEST_STEP][PASSED] - verifyElementNotPresent(findTestObject("Page_Shop ZPW/a_New Product"), 100): Web element with id: 'Object Repository/Page_Shop ZPW/a_New Product' located by 'By.xpath: //div[@id='navbarLeftResponsive']/ul/li[3]/a' is not present after '100' second(s)

2019-01-19 21:56:51 - [MESSAGE][PASSED] - Web element with id: 'Object Repository/Page_Shop ZPW/a_New Product' located by 'By.xpath: //div[@id='navbarLeftResponsive']/ul/li[3]/a' is not present after '100' second(s)

2019-01-19 21:56:51 - [TEST_STEP][PASSED] - verifyElementNotPresent(findTestObject("Page_Shop ZPW/a_Configuration"), 100): Web element with id: 'Object Repository/Page_Shop ZPW/a_Configuration' located by 'By.xpath: //div[@id='navbarLeftResponsive']/ul/li[4]/a' is not present after '100' second(s)

2019-01-19 21:56:51 - [MESSAGE][PASSED] - Web element with id: 'Object Repository/Page_Shop ZPW/a_Configuration' located by 'By.xpath: //div[@id='navbarLeftResponsive']/ul/li[4]/a' is not present after '100' second(s)

2019-01-19 21:56:51 - [TEST_STEP][PASSED] - click(findTestObject("Page_Shop ZPW/button_Logout (1)")): Object: 'Object Repository/Page_Shop ZPW/button_Logout (1)' is clicked on

2019-01-19 21:56:52 - [MESSAGE][PASSED] - Object: 'Object Repository/Page_Shop ZPW/button_Logout (1)' is clicked on

2019-01-19 21:56:52 - [TEST_STEP][PASSED] - closeBrowser(): Browser is closed

2019-01-19 21:56:52 - [MESSAGE][PASSED] - Browser is closed]]></system-out>
         <system-err><![CDATA[]]></system-err>
      </testcase>
      <testcase name="Test Cases/Web UI Tests/Login and registration/3 Login with valid customer account" classname="Test Cases/Web UI Tests/Login and registration/3 Login with valid customer account" status="PASSED">
         <system-out><![CDATA[2019-01-19 21:56:52 - [TEST_CASE][PASSED] - Test Cases/Web UI Tests/Login and registration/3 Login with valid customer account: Test Cases/Web UI Tests/Login and registration/3 Login with valid customer account

2019-01-19 21:56:52 - [TEST_STEP][PASSED] - openBrowser(""): Browser is opened with url: ''

2019-01-19 21:56:52 - [MESSAGE][INFO] - Starting 'Firefox' driver

2019-01-19 21:56:54 - [MESSAGE][PASSED] - Browser is opened with url: ''

2019-01-19 21:56:54 - [TEST_STEP][PASSED] - navigateToUrl("https://hidden-meadow-13855.herokuapp.com/"): Navigate to 'https://hidden-meadow-13855.herokuapp.com/' successfully

2019-01-19 21:57:05 - [MESSAGE][PASSED] - Navigate to 'https://hidden-meadow-13855.herokuapp.com/' successfully

2019-01-19 21:57:05 - [TEST_STEP][PASSED] - setText(findTestObject("Page_Shop ZPW/input_Email_email (2)"), "cust@shop.com"): Text 'cust@shop.com' is set on object 'Object Repository/Page_Shop ZPW/input_Email_email (2)'

2019-01-19 21:57:06 - [MESSAGE][PASSED] - Text 'cust@shop.com' is set on object 'Object Repository/Page_Shop ZPW/input_Email_email (2)'

2019-01-19 21:57:06 - [TEST_STEP][PASSED] - setEncryptedText(findTestObject("Page_Shop ZPW/input_Password_password (2)"), "8SQVv/p9jVScEs4/2CZsLw=="): Text ****** has been set on object 'Object Repository/Page_Shop ZPW/input_Password_password (2)'

2019-01-19 21:57:06 - [MESSAGE][PASSED] - Text ****** has been set on object 'Object Repository/Page_Shop ZPW/input_Password_password (2)'

2019-01-19 21:57:06 - [TEST_STEP][PASSED] - click(findTestObject("Page_Shop ZPW/button_Login")): Object: 'Object Repository/Page_Shop ZPW/button_Login' is clicked on

2019-01-19 21:57:06 - [MESSAGE][PASSED] - Object: 'Object Repository/Page_Shop ZPW/button_Login' is clicked on

2019-01-19 21:57:06 - [TEST_STEP][PASSED] - verifyElementNotPresent(findTestObject("Page_Shop ZPW/a_Administrator Panel"), 100): Web element with id: 'Object Repository/Page_Shop ZPW/a_Administrator Panel' located by 'By.xpath: //div[@id='navbarLeftResponsive']/ul/li/a' is not present after '100' second(s)

2019-01-19 21:57:06 - [MESSAGE][PASSED] - Web element with id: 'Object Repository/Page_Shop ZPW/a_Administrator Panel' located by 'By.xpath: //div[@id='navbarLeftResponsive']/ul/li/a' is not present after '100' second(s)

2019-01-19 21:57:06 - [TEST_STEP][PASSED] - click(findTestObject("Page_Shop ZPW/button_Logout (1)")): Object: 'Object Repository/Page_Shop ZPW/button_Logout (1)' is clicked on

2019-01-19 21:57:08 - [MESSAGE][PASSED] - Object: 'Object Repository/Page_Shop ZPW/button_Logout (1)' is clicked on

2019-01-19 21:57:08 - [TEST_STEP][PASSED] - closeBrowser(): Browser is closed

2019-01-19 21:57:09 - [MESSAGE][PASSED] - Browser is closed]]></system-out>
         <system-err><![CDATA[]]></system-err>
      </testcase>
      <testcase name="Test Cases/Web UI Tests/Login and registration/4 Login with vot valid email" classname="Test Cases/Web UI Tests/Login and registration/4 Login with vot valid email" status="PASSED">
         <system-out><![CDATA[2019-01-19 21:57:09 - [TEST_CASE][PASSED] - Test Cases/Web UI Tests/Login and registration/4 Login with vot valid email: Test Cases/Web UI Tests/Login and registration/4 Login with vot valid email

2019-01-19 21:57:09 - [TEST_STEP][PASSED] - openBrowser(""): Browser is opened with url: ''

2019-01-19 21:57:09 - [MESSAGE][INFO] - Starting 'Firefox' driver

2019-01-19 21:57:11 - [MESSAGE][PASSED] - Browser is opened with url: ''

2019-01-19 21:57:11 - [TEST_STEP][PASSED] - navigateToUrl("https://hidden-meadow-13855.herokuapp.com/"): Navigate to 'https://hidden-meadow-13855.herokuapp.com/' successfully

2019-01-19 21:57:20 - [MESSAGE][PASSED] - Navigate to 'https://hidden-meadow-13855.herokuapp.com/' successfully

2019-01-19 21:57:20 - [TEST_STEP][PASSED] - setText(findTestObject("Page_Shop ZPW/input_Email_email (1)"), "admin_incorrect@shop.com"): Text 'admin_incorrect@shop.com' is set on object 'Object Repository/Page_Shop ZPW/input_Email_email (1)'

2019-01-19 21:57:22 - [MESSAGE][PASSED] - Text 'admin_incorrect@shop.com' is set on object 'Object Repository/Page_Shop ZPW/input_Email_email (1)'

2019-01-19 21:57:22 - [TEST_STEP][PASSED] - setEncryptedText(findTestObject("Page_Shop ZPW/input_Password_password (1)"), "NaRTu7UBtmr+q7eG3gEDOw=="): Text ****** has been set on object 'Object Repository/Page_Shop ZPW/input_Password_password (1)'

2019-01-19 21:57:22 - [MESSAGE][PASSED] - Text ****** has been set on object 'Object Repository/Page_Shop ZPW/input_Password_password (1)'

2019-01-19 21:57:22 - [TEST_STEP][PASSED] - click(findTestObject("Page_Shop ZPW/button_Login (1)")): Object: 'Object Repository/Page_Shop ZPW/button_Login (1)' is clicked on

2019-01-19 21:57:22 - [MESSAGE][PASSED] - Object: 'Object Repository/Page_Shop ZPW/button_Login (1)' is clicked on

2019-01-19 21:57:22 - [TEST_STEP][PASSED] - verifyElementPresent(findTestObject("Page_Shop ZPW/div_Incorrect email or passwor"), 0): Object 'Object Repository/Page_Shop ZPW/div_Incorrect email or passwor' is present

2019-01-19 21:57:22 - [MESSAGE][WARNING] - Timeout '0' is invalid. Using default page load timeout: '30'

2019-01-19 21:57:22 - [MESSAGE][PASSED] - Object 'Object Repository/Page_Shop ZPW/div_Incorrect email or passwor' is present

2019-01-19 21:57:22 - [TEST_STEP][PASSED] - closeBrowser(): Browser is closed

2019-01-19 21:57:23 - [MESSAGE][PASSED] - Browser is closed]]></system-out>
         <system-err><![CDATA[]]></system-err>
      </testcase>
      <testcase name="Test Cases/Web UI Tests/Login and registration/5 Login with vot valid password" classname="Test Cases/Web UI Tests/Login and registration/5 Login with vot valid password" status="PASSED">
         <system-out><![CDATA[2019-01-19 21:57:23 - [TEST_CASE][PASSED] - Test Cases/Web UI Tests/Login and registration/5 Login with vot valid password: Test Cases/Web UI Tests/Login and registration/5 Login with vot valid password

2019-01-19 21:57:23 - [TEST_STEP][PASSED] - openBrowser(""): Browser is opened with url: ''

2019-01-19 21:57:23 - [MESSAGE][INFO] - Starting 'Firefox' driver

2019-01-19 21:57:25 - [MESSAGE][PASSED] - Browser is opened with url: ''

2019-01-19 21:57:25 - [TEST_STEP][PASSED] - navigateToUrl("https://hidden-meadow-13855.herokuapp.com/"): Navigate to 'https://hidden-meadow-13855.herokuapp.com/' successfully

2019-01-19 21:57:35 - [MESSAGE][PASSED] - Navigate to 'https://hidden-meadow-13855.herokuapp.com/' successfully

2019-01-19 21:57:35 - [TEST_STEP][PASSED] - setText(findTestObject("Page_Shop ZPW/input_Email_email (1)"), "admin@shop.com"): Text 'admin@shop.com' is set on object 'Object Repository/Page_Shop ZPW/input_Email_email (1)'

2019-01-19 21:57:35 - [MESSAGE][PASSED] - Text 'admin@shop.com' is set on object 'Object Repository/Page_Shop ZPW/input_Email_email (1)'

2019-01-19 21:57:35 - [TEST_STEP][PASSED] - setEncryptedText(findTestObject("Page_Shop ZPW/input_Password_password (1)"), "8SQVv/p9jVScEs4/2CZsLw=="): Text ****** has been set on object 'Object Repository/Page_Shop ZPW/input_Password_password (1)'

2019-01-19 21:57:35 - [MESSAGE][PASSED] - Text ****** has been set on object 'Object Repository/Page_Shop ZPW/input_Password_password (1)'

2019-01-19 21:57:35 - [TEST_STEP][PASSED] - click(findTestObject("Page_Shop ZPW/button_Login (1)")): Object: 'Object Repository/Page_Shop ZPW/button_Login (1)' is clicked on

2019-01-19 21:57:36 - [MESSAGE][PASSED] - Object: 'Object Repository/Page_Shop ZPW/button_Login (1)' is clicked on

2019-01-19 21:57:36 - [TEST_STEP][PASSED] - verifyElementPresent(findTestObject("Page_Shop ZPW/div_Incorrect email or passwor"), 0): Object 'Object Repository/Page_Shop ZPW/div_Incorrect email or passwor' is present

2019-01-19 21:57:36 - [MESSAGE][WARNING] - Timeout '0' is invalid. Using default page load timeout: '30'

2019-01-19 21:57:36 - [MESSAGE][PASSED] - Object 'Object Repository/Page_Shop ZPW/div_Incorrect email or passwor' is present

2019-01-19 21:57:36 - [TEST_STEP][PASSED] - closeBrowser(): Browser is closed

2019-01-19 21:57:36 - [MESSAGE][PASSED] - Browser is closed]]></system-out>
         <system-err><![CDATA[]]></system-err>
      </testcase>
      <testcase name="Test Cases/Web UI Tests/Login and registration/6 Register new customer with valid credentials" classname="Test Cases/Web UI Tests/Login and registration/6 Register new customer with valid credentials" status="PASSED">
         <system-out><![CDATA[2019-01-19 21:57:36 - [TEST_CASE][PASSED] - Test Cases/Web UI Tests/Login and registration/6 Register new customer with valid credentials: Test Cases/Web UI Tests/Login and registration/6 Register new customer with valid credentials

2019-01-19 21:57:36 - [TEST_STEP][PASSED] - openBrowser(""): Browser is opened with url: ''

2019-01-19 21:57:36 - [MESSAGE][INFO] - Starting 'Firefox' driver

2019-01-19 21:57:38 - [MESSAGE][PASSED] - Browser is opened with url: ''

2019-01-19 21:57:38 - [TEST_STEP][PASSED] - navigateToUrl("https://hidden-meadow-13855.herokuapp.com/"): Navigate to 'https://hidden-meadow-13855.herokuapp.com/' successfully

2019-01-19 21:57:48 - [MESSAGE][PASSED] - Navigate to 'https://hidden-meadow-13855.herokuapp.com/' successfully

2019-01-19 21:57:48 - [TEST_STEP][PASSED] - click(findTestObject("Page_Shop ZPW/a_Create One")): Object: 'Object Repository/Page_Shop ZPW/a_Create One' is clicked on

2019-01-19 21:57:49 - [MESSAGE][PASSED] - Object: 'Object Repository/Page_Shop ZPW/a_Create One' is clicked on

2019-01-19 21:57:49 - [TEST_STEP][PASSED] - pool = 9), "_"].flatten(): null

2019-01-19 21:57:49 - [TEST_STEP][PASSED] - rand = new java.util.Random(java.lang.System.currentTimeMillis()): null

2019-01-19 21:57:49 - [TEST_STEP][PASSED] - emailParts = 5).collect({ -> ... }): null

2019-01-19 21:57:49 - [TEST_STEP][PASSED] - emailPartsJoined = emailParts.join(): null

2019-01-19 21:57:49 - [TEST_STEP][PASSED] - setText(findTestObject("Page_Shop ZPW/input_Email_email"), $emailPartsJoined@shop.com): Text 'QZ_wkr@shop.com' is set on object 'Object Repository/Page_Shop ZPW/input_Email_email'

2019-01-19 21:57:49 - [MESSAGE][PASSED] - Text 'QZ_wkr@shop.com' is set on object 'Object Repository/Page_Shop ZPW/input_Email_email'

2019-01-19 21:57:49 - [TEST_STEP][PASSED] - setEncryptedText(findTestObject("Page_Shop ZPW/input_Password_password"), "8SQVv/p9jVScEs4/2CZsLw=="): Text ****** has been set on object 'Object Repository/Page_Shop ZPW/input_Password_password'

2019-01-19 21:57:49 - [MESSAGE][PASSED] - Text ****** has been set on object 'Object Repository/Page_Shop ZPW/input_Password_password'

2019-01-19 21:57:49 - [TEST_STEP][PASSED] - setEncryptedText(findTestObject("Page_Shop ZPW/input_Confirm Password_confirm"), "8SQVv/p9jVScEs4/2CZsLw=="): Text ****** has been set on object 'Object Repository/Page_Shop ZPW/input_Confirm Password_confirm'

2019-01-19 21:57:49 - [MESSAGE][PASSED] - Text ****** has been set on object 'Object Repository/Page_Shop ZPW/input_Confirm Password_confirm'

2019-01-19 21:57:49 - [TEST_STEP][PASSED] - click(findTestObject("Page_Shop ZPW/button_Register"), STOP_ON_FAILURE): Object: 'Object Repository/Page_Shop ZPW/button_Register' is clicked on

2019-01-19 21:57:50 - [MESSAGE][PASSED] - Object: 'Object Repository/Page_Shop ZPW/button_Register' is clicked on

2019-01-19 21:57:50 - [TEST_STEP][PASSED] - verifyElementPresent(findTestObject("Page_Shop ZPW/a_ZPW 2018"), 0): Object 'Object Repository/Page_Shop ZPW/a_ZPW 2018' is present

2019-01-19 21:57:50 - [MESSAGE][WARNING] - Timeout '0' is invalid. Using default page load timeout: '30'

2019-01-19 21:57:51 - [MESSAGE][PASSED] - Object 'Object Repository/Page_Shop ZPW/a_ZPW 2018' is present

2019-01-19 21:57:51 - [TEST_STEP][PASSED] - click(findTestObject("Page_Shop ZPW/button_Logout")): Object: 'Object Repository/Page_Shop ZPW/button_Logout' is clicked on

2019-01-19 21:57:52 - [MESSAGE][PASSED] - Object: 'Object Repository/Page_Shop ZPW/button_Logout' is clicked on

2019-01-19 21:57:52 - [TEST_STEP][PASSED] - closeBrowser(): Browser is closed

2019-01-19 21:57:53 - [MESSAGE][PASSED] - Browser is closed]]></system-out>
         <system-err><![CDATA[]]></system-err>
      </testcase>
      <testcase name="Test Cases/Web UI Tests/Login and registration/7 Register new customer with not valid email" classname="Test Cases/Web UI Tests/Login and registration/7 Register new customer with not valid email" status="PASSED">
         <system-out><![CDATA[2019-01-19 21:57:53 - [TEST_CASE][PASSED] - Test Cases/Web UI Tests/Login and registration/7 Register new customer with not valid email: Test Cases/Web UI Tests/Login and registration/7 Register new customer with not valid email

2019-01-19 21:57:53 - [TEST_STEP][PASSED] - openBrowser(""): Browser is opened with url: ''

2019-01-19 21:57:53 - [MESSAGE][INFO] - Starting 'Firefox' driver

2019-01-19 21:57:55 - [MESSAGE][PASSED] - Browser is opened with url: ''

2019-01-19 21:57:55 - [TEST_STEP][PASSED] - navigateToUrl("https://hidden-meadow-13855.herokuapp.com/"): Navigate to 'https://hidden-meadow-13855.herokuapp.com/' successfully

2019-01-19 21:58:02 - [MESSAGE][PASSED] - Navigate to 'https://hidden-meadow-13855.herokuapp.com/' successfully

2019-01-19 21:58:02 - [TEST_STEP][PASSED] - click(findTestObject("Object Repository/Page_Shop ZPW/a_Create One (1)")): Object: 'Object Repository/Page_Shop ZPW/a_Create One (1)' is clicked on

2019-01-19 21:58:04 - [MESSAGE][PASSED] - Object: 'Object Repository/Page_Shop ZPW/a_Create One (1)' is clicked on

2019-01-19 21:58:04 - [TEST_STEP][PASSED] - setText(findTestObject("Object Repository/Page_Shop ZPW/input_Email_email (3)"), "not_valid"): Text 'not_valid' is set on object 'Object Repository/Page_Shop ZPW/input_Email_email (3)'

2019-01-19 21:58:04 - [MESSAGE][PASSED] - Text 'not_valid' is set on object 'Object Repository/Page_Shop ZPW/input_Email_email (3)'

2019-01-19 21:58:04 - [TEST_STEP][PASSED] - setEncryptedText(findTestObject("Object Repository/Page_Shop ZPW/input_Password_password (3)"), "8SQVv/p9jVScEs4/2CZsLw=="): Text ****** has been set on object 'Object Repository/Page_Shop ZPW/input_Password_password (3)'

2019-01-19 21:58:04 - [MESSAGE][PASSED] - Text ****** has been set on object 'Object Repository/Page_Shop ZPW/input_Password_password (3)'

2019-01-19 21:58:04 - [TEST_STEP][PASSED] - setEncryptedText(findTestObject("Object Repository/Page_Shop ZPW/input_Confirm Password_confirm (1)"), "8SQVv/p9jVScEs4/2CZsLw=="): Text ****** has been set on object 'Object Repository/Page_Shop ZPW/input_Confirm Password_confirm (1)'

2019-01-19 21:58:04 - [MESSAGE][PASSED] - Text ****** has been set on object 'Object Repository/Page_Shop ZPW/input_Confirm Password_confirm (1)'

2019-01-19 21:58:04 - [TEST_STEP][PASSED] - verifyElementPresent(findTestObject("Page_Shop ZPW/div_Email must be a valid emai"), 100): Object 'Object Repository/Page_Shop ZPW/div_Email must be a valid emai' is present

2019-01-19 21:58:04 - [MESSAGE][PASSED] - Object 'Object Repository/Page_Shop ZPW/div_Email must be a valid emai' is present

2019-01-19 21:58:04 - [TEST_STEP][PASSED] - verifyElementAttributeValue(findTestObject("Page_Shop ZPW/button_Register"), "disabled", "true", 100): Object 'Object Repository/Page_Shop ZPW/button_Register' has attribute 'disabled' with value 'true'

2019-01-19 21:58:04 - [MESSAGE][PASSED] - Object 'Object Repository/Page_Shop ZPW/button_Register' has attribute 'disabled' with value 'true'

2019-01-19 21:58:04 - [TEST_STEP][PASSED] - closeBrowser(): Browser is closed

2019-01-19 21:58:05 - [MESSAGE][PASSED] - Browser is closed]]></system-out>
         <system-err><![CDATA[]]></system-err>
      </testcase>
      <testcase name="Test Cases/Web UI Tests/Login and registration/8 Register new customer with not matching passwords" classname="Test Cases/Web UI Tests/Login and registration/8 Register new customer with not matching passwords" status="PASSED">
         <system-out><![CDATA[2019-01-19 21:58:05 - [TEST_CASE][PASSED] - Test Cases/Web UI Tests/Login and registration/8 Register new customer with not matching passwords: Test Cases/Web UI Tests/Login and registration/8 Register new customer with not matching passwords

2019-01-19 21:58:05 - [TEST_STEP][PASSED] - openBrowser(""): Browser is opened with url: ''

2019-01-19 21:58:05 - [MESSAGE][INFO] - Starting 'Firefox' driver

2019-01-19 21:58:07 - [MESSAGE][PASSED] - Browser is opened with url: ''

2019-01-19 21:58:07 - [TEST_STEP][PASSED] - navigateToUrl("https://hidden-meadow-13855.herokuapp.com/"): Navigate to 'https://hidden-meadow-13855.herokuapp.com/' successfully

2019-01-19 21:58:15 - [MESSAGE][PASSED] - Navigate to 'https://hidden-meadow-13855.herokuapp.com/' successfully

2019-01-19 21:58:15 - [TEST_STEP][PASSED] - click(findTestObject("Object Repository/Page_Shop ZPW/a_Create One (2)")): Object: 'Object Repository/Page_Shop ZPW/a_Create One (2)' is clicked on

2019-01-19 21:58:16 - [MESSAGE][PASSED] - Object: 'Object Repository/Page_Shop ZPW/a_Create One (2)' is clicked on

2019-01-19 21:58:16 - [TEST_STEP][PASSED] - setText(findTestObject("Object Repository/Page_Shop ZPW/input_Email_email (4)"), "some_email@shop.com"): Text 'some_email@shop.com' is set on object 'Object Repository/Page_Shop ZPW/input_Email_email (4)'

2019-01-19 21:58:16 - [MESSAGE][PASSED] - Text 'some_email@shop.com' is set on object 'Object Repository/Page_Shop ZPW/input_Email_email (4)'

2019-01-19 21:58:16 - [TEST_STEP][PASSED] - setEncryptedText(findTestObject("Object Repository/Page_Shop ZPW/input_Password_password (4)"), "8SQVv/p9jVScEs4/2CZsLw=="): Text ****** has been set on object 'Object Repository/Page_Shop ZPW/input_Password_password (4)'

2019-01-19 21:58:16 - [MESSAGE][PASSED] - Text ****** has been set on object 'Object Repository/Page_Shop ZPW/input_Password_password (4)'

2019-01-19 21:58:16 - [TEST_STEP][PASSED] - setEncryptedText(findTestObject("Object Repository/Page_Shop ZPW/input_Confirm Password_confirm (2)"), "8SQVv/p9jVQz2gZTiSc0Fg=="): Text ****** has been set on object 'Object Repository/Page_Shop ZPW/input_Confirm Password_confirm (2)'

2019-01-19 21:58:16 - [MESSAGE][PASSED] - Text ****** has been set on object 'Object Repository/Page_Shop ZPW/input_Confirm Password_confirm (2)'

2019-01-19 21:58:16 - [TEST_STEP][PASSED] - verifyElementPresent(findTestObject("Object Repository/Page_Shop ZPW/div_Passwords must match"), 100): Object 'Object Repository/Page_Shop ZPW/div_Passwords must match' is present

2019-01-19 21:58:16 - [MESSAGE][PASSED] - Object 'Object Repository/Page_Shop ZPW/div_Passwords must match' is present

2019-01-19 21:58:16 - [TEST_STEP][PASSED] - verifyElementAttributeValue(findTestObject("Object Repository/Page_Shop ZPW/button_Register (2)"), "disabled", "true", 100): Object 'Object Repository/Page_Shop ZPW/button_Register (2)' has attribute 'disabled' with value 'true'

2019-01-19 21:58:16 - [MESSAGE][PASSED] - Object 'Object Repository/Page_Shop ZPW/button_Register (2)' has attribute 'disabled' with value 'true'

2019-01-19 21:58:16 - [TEST_STEP][PASSED] - closeBrowser(): Browser is closed

2019-01-19 21:58:16 - [MESSAGE][PASSED] - Browser is closed]]></system-out>
         <system-err><![CDATA[]]></system-err>
      </testcase>
      <testcase name="Test Cases/Web UI Tests/20 Edit data source" classname="Test Cases/Web UI Tests/20 Edit data source" status="PASSED">
         <system-out><![CDATA[2019-01-19 21:58:16 - [TEST_CASE][PASSED] - Test Cases/Web UI Tests/20 Edit data source: Test Cases/Web UI Tests/20 Edit data source

2019-01-19 21:58:17 - [TEST_STEP][PASSED] - openBrowser(""): Browser is opened with url: ''

2019-01-19 21:58:17 - [MESSAGE][INFO] - Starting 'Firefox' driver

2019-01-19 21:58:19 - [MESSAGE][PASSED] - Browser is opened with url: ''

2019-01-19 21:58:19 - [TEST_STEP][PASSED] - navigateToUrl("https://hidden-meadow-13855.herokuapp.com/"): Navigate to 'https://hidden-meadow-13855.herokuapp.com/' successfully

2019-01-19 21:58:28 - [MESSAGE][PASSED] - Navigate to 'https://hidden-meadow-13855.herokuapp.com/' successfully

2019-01-19 21:58:28 - [TEST_STEP][PASSED] - setText(findTestObject("Page_Shop ZPW/input_Email_email"), "admin@shop.com"): Text 'admin@shop.com' is set on object 'Object Repository/Page_Shop ZPW/input_Email_email'

2019-01-19 21:58:29 - [MESSAGE][PASSED] - Text 'admin@shop.com' is set on object 'Object Repository/Page_Shop ZPW/input_Email_email'

2019-01-19 21:58:29 - [TEST_STEP][PASSED] - setEncryptedText(findTestObject("Page_Shop ZPW/input_Password_password"), "8SQVv/p9jVScEs4/2CZsLw=="): Text ****** has been set on object 'Object Repository/Page_Shop ZPW/input_Password_password'

2019-01-19 21:58:29 - [MESSAGE][PASSED] - Text ****** has been set on object 'Object Repository/Page_Shop ZPW/input_Password_password'

2019-01-19 21:58:29 - [TEST_STEP][PASSED] - click(findTestObject("Page_Shop ZPW/button_Login")): Object: 'Object Repository/Page_Shop ZPW/button_Login' is clicked on

2019-01-19 21:58:29 - [MESSAGE][PASSED] - Object: 'Object Repository/Page_Shop ZPW/button_Login' is clicked on

2019-01-19 21:58:29 - [TEST_STEP][PASSED] - click(findTestObject("Page_Shop ZPW/a_Administrator Panel")): Object: 'Object Repository/Page_Shop ZPW/a_Administrator Panel' is clicked on

2019-01-19 21:58:31 - [MESSAGE][PASSED] - Object: 'Object Repository/Page_Shop ZPW/a_Administrator Panel' is clicked on

2019-01-19 21:58:31 - [TEST_STEP][PASSED] - click(findTestObject("Page_Shop ZPW/a_Configuration")): Object: 'Object Repository/Page_Shop ZPW/a_Configuration' is clicked on

2019-01-19 21:58:31 - [MESSAGE][PASSED] - Object: 'Object Repository/Page_Shop ZPW/a_Configuration' is clicked on

2019-01-19 21:58:31 - [TEST_STEP][PASSED] - check(findTestObject("Page_Shop ZPW/input_Firebase_firebase")): Object 'Object Repository/Page_Shop ZPW/input_Firebase_firebase' is checked

2019-01-19 21:58:32 - [MESSAGE][PASSED] - Object 'Object Repository/Page_Shop ZPW/input_Firebase_firebase' is checked

2019-01-19 21:58:32 - [TEST_STEP][PASSED] - click(findTestObject("Page_Shop ZPW/button_Update configuration")): Object: 'Object Repository/Page_Shop ZPW/button_Update configuration' is clicked on

2019-01-19 21:58:32 - [MESSAGE][PASSED] - Object: 'Object Repository/Page_Shop ZPW/button_Update configuration' is clicked on

2019-01-19 21:58:32 - [TEST_STEP][PASSED] - click(findTestObject("Page_Shop ZPW/a_Configuration")): Object: 'Object Repository/Page_Shop ZPW/a_Configuration' is clicked on

2019-01-19 21:58:45 - [MESSAGE][PASSED] - Object: 'Object Repository/Page_Shop ZPW/a_Configuration' is clicked on

2019-01-19 21:58:45 - [TEST_STEP][PASSED] - check(findTestObject("Page_Shop ZPW/input_Rest_rest"), STOP_ON_FAILURE): Object 'Object Repository/Page_Shop ZPW/input_Rest_rest' is checked

2019-01-19 21:58:46 - [MESSAGE][PASSED] - Object 'Object Repository/Page_Shop ZPW/input_Rest_rest' is checked

2019-01-19 21:58:46 - [TEST_STEP][PASSED] - click(findTestObject("Page_Shop ZPW/button_Update configuration")): Object: 'Object Repository/Page_Shop ZPW/button_Update configuration' is clicked on

2019-01-19 21:58:47 - [MESSAGE][PASSED] - Object: 'Object Repository/Page_Shop ZPW/button_Update configuration' is clicked on

2019-01-19 21:58:47 - [TEST_STEP][PASSED] - click(findTestObject("Page_Shop ZPW/a_Configuration")): Object: 'Object Repository/Page_Shop ZPW/a_Configuration' is clicked on

2019-01-19 21:58:53 - [MESSAGE][PASSED] - Object: 'Object Repository/Page_Shop ZPW/a_Configuration' is clicked on

2019-01-19 21:58:53 - [TEST_STEP][PASSED] - click(findTestObject("Page_Shop ZPW/button_Logout")): Object: 'Object Repository/Page_Shop ZPW/button_Logout' is clicked on

2019-01-19 21:58:55 - [MESSAGE][PASSED] - Object: 'Object Repository/Page_Shop ZPW/button_Logout' is clicked on

2019-01-19 21:58:55 - [TEST_STEP][PASSED] - closeBrowser(): Browser is closed

2019-01-19 21:58:56 - [MESSAGE][PASSED] - Browser is closed]]></system-out>
         <system-err><![CDATA[]]></system-err>
      </testcase>
      <system-out><![CDATA[2019-01-19 21:56:19 - [TEST_SUITE][PASSED] - Common UI Tests: Test Cases/Web UI Tests/20 Edit data source]]></system-out>
      <system-err><![CDATA[]]></system-err>
   </testsuite>
</testsuites>
