<?xml version="1.0" encoding="UTF-8"?>
<testsuites name="UI Tests Depend on Data Source" time="249" tests="7" failures="4" errors="0">
   <testsuite name="UI Tests Depend on Data Source" tests="7" failures="4" errors="0" time="249" timestamp="2019-01-19 22:05:19" hostname="klusm - 192.168.0.13" id="Test Suites/UI Tests Depend on Data Source">
      <properties>
         <property name="deviceName" value=""/>
         <property name="devicePlatform" value=""/>
         <property name="logFolder" value="/Users/klusm/Documents/agh/Testowanie/shop-zpw-tests/shop-zpw-tests/Reports/UI Tests Depend on Data Source/20190119_220517"/>
         <property name="logFiles" value="/Users/klusm/Documents/agh/Testowanie/shop-zpw-tests/shop-zpw-tests/Reports/UI Tests Depend on Data Source/20190119_220517/execution0.log"/>
         <property name="attachments" value="/Users/klusm/Documents/agh/Testowanie/shop-zpw-tests/shop-zpw-tests/Reports/UI Tests Depend on Data Source/20190119_220517/1547932021099.png, /Users/klusm/Documents/agh/Testowanie/shop-zpw-tests/shop-zpw-tests/Reports/UI Tests Depend on Data Source/20190119_220517/1547932021513.png, /Users/klusm/Documents/agh/Testowanie/shop-zpw-tests/shop-zpw-tests/Reports/UI Tests Depend on Data Source/20190119_220517/1547932037410.png, /Users/klusm/Documents/agh/Testowanie/shop-zpw-tests/shop-zpw-tests/Reports/UI Tests Depend on Data Source/20190119_220517/1547932099206.png, /Users/klusm/Documents/agh/Testowanie/shop-zpw-tests/shop-zpw-tests/Reports/UI Tests Depend on Data Source/20190119_220517/1547932145935.png"/>
         <property name="hostName" value="klusm - 192.168.0.13"/>
         <property name="os" value="Mac OS X 64bit"/>
         <property name="katalonVersion" value="5.10.1.1"/>
         <property name="browser" value="Firefox 59.0"/>
         <property name="hostAddress" value="192.168.0.13"/>
         <property name="sessionId" value="5e1341d5-9e88-1247-af68-9882d864975b"/>
         <property name="seleniumVersion" value="3.7.1"/>
         <property name="proxyInformation" value="ProxyInformation{proxyOption=NO_PROXY, proxyServerType=HTTP, password=, proxyServerAddress=, proxyServerPort=0}"/>
         <property name="platform" value="Mac OS X"/>
      </properties>
      <testcase name="Test Cases/Web UI Tests/Products/9 Filter products by category" classname="Test Cases/Web UI Tests/Products/9 Filter products by category" status="PASSED">
         <system-out><![CDATA[2019-01-19 22:05:19 - [TEST_CASE][PASSED] - Test Cases/Web UI Tests/Products/9 Filter products by category: Test Cases/Web UI Tests/Products/9 Filter products by category

2019-01-19 22:05:20 - [TEST_STEP][PASSED] - openBrowser(""): Browser is opened with url: ''

2019-01-19 22:05:20 - [MESSAGE][INFO] - Starting 'Firefox' driver

2019-01-19 22:05:20 - [MESSAGE][INFO] - Action delay is set to 0 seconds

2019-01-19 22:05:23 - [MESSAGE][PASSED] - Browser is opened with url: ''

2019-01-19 22:05:23 - [TEST_STEP][PASSED] - navigateToUrl("https://hidden-meadow-13855.herokuapp.com/"): Navigate to 'https://hidden-meadow-13855.herokuapp.com/' successfully

2019-01-19 22:05:30 - [MESSAGE][PASSED] - Navigate to 'https://hidden-meadow-13855.herokuapp.com/' successfully

2019-01-19 22:05:30 - [TEST_STEP][PASSED] - setText(findTestObject("Page_Shop ZPW/input_Email_email"), "cust@shop.com"): Text 'cust@shop.com' is set on object 'Object Repository/Page_Shop ZPW/input_Email_email'

2019-01-19 22:05:32 - [MESSAGE][PASSED] - Text 'cust@shop.com' is set on object 'Object Repository/Page_Shop ZPW/input_Email_email'

2019-01-19 22:05:32 - [TEST_STEP][PASSED] - setEncryptedText(findTestObject("Page_Shop ZPW/input_Password_password"), "8SQVv/p9jVScEs4/2CZsLw=="): Text ****** has been set on object 'Object Repository/Page_Shop ZPW/input_Password_password'

2019-01-19 22:05:32 - [MESSAGE][PASSED] - Text ****** has been set on object 'Object Repository/Page_Shop ZPW/input_Password_password'

2019-01-19 22:05:32 - [TEST_STEP][PASSED] - click(findTestObject("Page_Shop ZPW/button_Login")): Object: 'Object Repository/Page_Shop ZPW/button_Login' is clicked on

2019-01-19 22:05:32 - [MESSAGE][PASSED] - Object: 'Object Repository/Page_Shop ZPW/button_Login' is clicked on

2019-01-19 22:05:32 - [TEST_STEP][PASSED] - verifyElementPresent(findTestObject("Page_Shop ZPW/a_Shoes"), 5): Object 'Object Repository/Page_Shop ZPW/a_Shoes' is present

2019-01-19 22:05:33 - [MESSAGE][PASSED] - Object 'Object Repository/Page_Shop ZPW/a_Shoes' is present

2019-01-19 22:05:33 - [TEST_STEP][PASSED] - verifyElementPresent(findTestObject("Page_Shop ZPW/a_Bohemian Rhapsody"), 1): Object 'Object Repository/Page_Shop ZPW/a_Bohemian Rhapsody' is present

2019-01-19 22:05:33 - [MESSAGE][PASSED] - Object 'Object Repository/Page_Shop ZPW/a_Bohemian Rhapsody' is present

2019-01-19 22:05:33 - [TEST_STEP][PASSED] - click(findTestObject("Page_Shop ZPW/label_Music")): Object: 'Object Repository/Page_Shop ZPW/label_Music' is clicked on

2019-01-19 22:05:33 - [MESSAGE][PASSED] - Object: 'Object Repository/Page_Shop ZPW/label_Music' is clicked on

2019-01-19 22:05:33 - [TEST_STEP][PASSED] - verifyElementNotPresent(findTestObject("Page_Shop ZPW/a_Shoes"), 1): Web element with id: 'Object Repository/Page_Shop ZPW/a_Shoes' located by 'By.xpath: //a[contains(text(),'Shoes')]' is not present after '1' second(s)

2019-01-19 22:05:33 - [MESSAGE][PASSED] - Web element with id: 'Object Repository/Page_Shop ZPW/a_Shoes' located by 'By.xpath: //a[contains(text(),'Shoes')]' is not present after '1' second(s)

2019-01-19 22:05:33 - [TEST_STEP][PASSED] - verifyElementPresent(findTestObject("Page_Shop ZPW/a_Bohemian Rhapsody"), 1): Object 'Object Repository/Page_Shop ZPW/a_Bohemian Rhapsody' is present

2019-01-19 22:05:33 - [MESSAGE][PASSED] - Object 'Object Repository/Page_Shop ZPW/a_Bohemian Rhapsody' is present

2019-01-19 22:05:33 - [TEST_STEP][PASSED] - click(findTestObject("Page_Shop ZPW/button_Logout")): Object: 'Object Repository/Page_Shop ZPW/button_Logout' is clicked on

2019-01-19 22:05:34 - [MESSAGE][PASSED] - Object: 'Object Repository/Page_Shop ZPW/button_Logout' is clicked on

2019-01-19 22:05:34 - [TEST_STEP][PASSED] - closeBrowser(): Browser is closed

2019-01-19 22:05:34 - [MESSAGE][PASSED] - Browser is closed]]></system-out>
         <system-err><![CDATA[]]></system-err>
      </testcase>
      <testcase name="Test Cases/Web UI Tests/Products/10 Filter products by price range" classname="Test Cases/Web UI Tests/Products/10 Filter products by price range" status="PASSED">
         <system-out><![CDATA[2019-01-19 22:05:34 - [TEST_CASE][PASSED] - Test Cases/Web UI Tests/Products/10 Filter products by price range: Test Cases/Web UI Tests/Products/10 Filter products by price range

2019-01-19 22:05:35 - [TEST_STEP][PASSED] - openBrowser(""): Browser is opened with url: ''

2019-01-19 22:05:35 - [MESSAGE][INFO] - Starting 'Firefox' driver

2019-01-19 22:05:37 - [MESSAGE][PASSED] - Browser is opened with url: ''

2019-01-19 22:05:37 - [TEST_STEP][PASSED] - navigateToUrl("https://hidden-meadow-13855.herokuapp.com/"): Navigate to 'https://hidden-meadow-13855.herokuapp.com/' successfully

2019-01-19 22:05:45 - [MESSAGE][PASSED] - Navigate to 'https://hidden-meadow-13855.herokuapp.com/' successfully

2019-01-19 22:05:45 - [TEST_STEP][PASSED] - setText(findTestObject("Object Repository/Page_Shop ZPW/input_Email_email (5)"), "cust@shop.com"): Text 'cust@shop.com' is set on object 'Object Repository/Page_Shop ZPW/input_Email_email (5)'

2019-01-19 22:05:46 - [MESSAGE][PASSED] - Text 'cust@shop.com' is set on object 'Object Repository/Page_Shop ZPW/input_Email_email (5)'

2019-01-19 22:05:46 - [TEST_STEP][PASSED] - setEncryptedText(findTestObject("Object Repository/Page_Shop ZPW/input_Password_password (5)"), "8SQVv/p9jVScEs4/2CZsLw=="): Text ****** has been set on object 'Object Repository/Page_Shop ZPW/input_Password_password (5)'

2019-01-19 22:05:46 - [MESSAGE][PASSED] - Text ****** has been set on object 'Object Repository/Page_Shop ZPW/input_Password_password (5)'

2019-01-19 22:05:46 - [TEST_STEP][PASSED] - click(findTestObject("Object Repository/Page_Shop ZPW/button_Login (3)")): Object: 'Object Repository/Page_Shop ZPW/button_Login (3)' is clicked on

2019-01-19 22:05:46 - [MESSAGE][PASSED] - Object: 'Object Repository/Page_Shop ZPW/button_Login (3)' is clicked on

2019-01-19 22:05:46 - [TEST_STEP][PASSED] - verifyElementPresent(findTestObject("Page_Shop ZPW/a_Shoes"), 5): Object 'Object Repository/Page_Shop ZPW/a_Shoes' is present

2019-01-19 22:05:48 - [MESSAGE][PASSED] - Object 'Object Repository/Page_Shop ZPW/a_Shoes' is present

2019-01-19 22:05:48 - [TEST_STEP][PASSED] - verifyElementPresent(findTestObject("Page_Shop ZPW/a_Backpack"), 1): Object 'Object Repository/Page_Shop ZPW/a_Backpack' is present

2019-01-19 22:05:48 - [MESSAGE][PASSED] - Object 'Object Repository/Page_Shop ZPW/a_Backpack' is present

2019-01-19 22:05:48 - [TEST_STEP][PASSED] - verifyElementPresent(findTestObject("Page_Shop ZPW/a_TV"), 1): Object 'Object Repository/Page_Shop ZPW/a_TV' is present

2019-01-19 22:05:48 - [MESSAGE][PASSED] - Object 'Object Repository/Page_Shop ZPW/a_TV' is present

2019-01-19 22:05:48 - [TEST_STEP][PASSED] - verifyElementPresent(findTestObject("Page_Shop ZPW/a_Design patterns"), 1): Object 'Object Repository/Page_Shop ZPW/a_Design patterns' is present

2019-01-19 22:05:48 - [MESSAGE][PASSED] - Object 'Object Repository/Page_Shop ZPW/a_Design patterns' is present

2019-01-19 22:05:48 - [TEST_STEP][PASSED] - setText(findTestObject("Object Repository/Page_Shop ZPW/input_Min_minPrice"), "250"): Text '250' is set on object 'Object Repository/Page_Shop ZPW/input_Min_minPrice'

2019-01-19 22:05:48 - [MESSAGE][PASSED] - Text '250' is set on object 'Object Repository/Page_Shop ZPW/input_Min_minPrice'

2019-01-19 22:05:48 - [TEST_STEP][PASSED] - setText(findTestObject("Object Repository/Page_Shop ZPW/input_Max_maxPrice"), "300"): Text '300' is set on object 'Object Repository/Page_Shop ZPW/input_Max_maxPrice'

2019-01-19 22:05:48 - [MESSAGE][PASSED] - Text '300' is set on object 'Object Repository/Page_Shop ZPW/input_Max_maxPrice'

2019-01-19 22:05:48 - [TEST_STEP][PASSED] - sendKeys(findTestObject("Object Repository/Page_Shop ZPW/input_Max_maxPrice"), Keys.chord(ENTER)): Keys 'ENTER + ' sent to object: 'Object Repository/Page_Shop ZPW/input_Max_maxPrice'

2019-01-19 22:05:49 - [MESSAGE][PASSED] - Keys 'ENTER + ' sent to object: 'Object Repository/Page_Shop ZPW/input_Max_maxPrice'

2019-01-19 22:05:49 - [TEST_STEP][PASSED] - verifyElementPresent(findTestObject("Page_Shop ZPW/a_TV"), 5): Object 'Object Repository/Page_Shop ZPW/a_TV' is present

2019-01-19 22:05:49 - [MESSAGE][PASSED] - Object 'Object Repository/Page_Shop ZPW/a_TV' is present

2019-01-19 22:05:49 - [TEST_STEP][PASSED] - verifyElementPresent(findTestObject("Page_Shop ZPW/a_Backpack"), 1): Object 'Object Repository/Page_Shop ZPW/a_Backpack' is present

2019-01-19 22:05:49 - [MESSAGE][PASSED] - Object 'Object Repository/Page_Shop ZPW/a_Backpack' is present

2019-01-19 22:05:49 - [TEST_STEP][PASSED] - verifyElementNotPresent(findTestObject("Page_Shop ZPW/a_Shoes"), 1): Web element with id: 'Object Repository/Page_Shop ZPW/a_Shoes' located by 'By.xpath: //a[contains(text(),'Shoes')]' is not present after '1' second(s)

2019-01-19 22:05:49 - [MESSAGE][PASSED] - Web element with id: 'Object Repository/Page_Shop ZPW/a_Shoes' located by 'By.xpath: //a[contains(text(),'Shoes')]' is not present after '1' second(s)

2019-01-19 22:05:49 - [TEST_STEP][PASSED] - verifyElementNotPresent(findTestObject("Page_Shop ZPW/a_Design patterns"), 1): Web element with id: 'Object Repository/Page_Shop ZPW/a_Design patterns' located by 'By.xpath: //a[contains(text(),'Design patterns')]' is not present after '1' second(s)

2019-01-19 22:05:49 - [MESSAGE][PASSED] - Web element with id: 'Object Repository/Page_Shop ZPW/a_Design patterns' located by 'By.xpath: //a[contains(text(),'Design patterns')]' is not present after '1' second(s)

2019-01-19 22:05:49 - [TEST_STEP][PASSED] - click(findTestObject("Page_Shop ZPW/button_Logout")): Object: 'Object Repository/Page_Shop ZPW/button_Logout' is clicked on

2019-01-19 22:05:49 - [MESSAGE][PASSED] - Object: 'Object Repository/Page_Shop ZPW/button_Logout' is clicked on

2019-01-19 22:05:49 - [TEST_STEP][PASSED] - closeBrowser(): Browser is closed

2019-01-19 22:05:51 - [MESSAGE][PASSED] - Browser is closed]]></system-out>
         <system-err><![CDATA[]]></system-err>
      </testcase>
      <testcase name="Test Cases/Web UI Tests/Products/11 Products lists pagination" classname="Test Cases/Web UI Tests/Products/11 Products lists pagination" status="PASSED">
         <system-out><![CDATA[2019-01-19 22:05:51 - [TEST_CASE][PASSED] - Test Cases/Web UI Tests/Products/11 Products lists pagination: Test Cases/Web UI Tests/Products/11 Products lists pagination

2019-01-19 22:05:51 - [TEST_STEP][PASSED] - openBrowser(""): Browser is opened with url: ''

2019-01-19 22:05:51 - [MESSAGE][INFO] - Starting 'Firefox' driver

2019-01-19 22:05:53 - [MESSAGE][PASSED] - Browser is opened with url: ''

2019-01-19 22:05:53 - [TEST_STEP][PASSED] - navigateToUrl("https://hidden-meadow-13855.herokuapp.com/"): Navigate to 'https://hidden-meadow-13855.herokuapp.com/' successfully

2019-01-19 22:06:01 - [MESSAGE][PASSED] - Navigate to 'https://hidden-meadow-13855.herokuapp.com/' successfully

2019-01-19 22:06:01 - [TEST_STEP][PASSED] - setText(findTestObject("Page_Shop ZPW/input_Email_email"), "cust@shop.com"): Text 'cust@shop.com' is set on object 'Object Repository/Page_Shop ZPW/input_Email_email'

2019-01-19 22:06:02 - [MESSAGE][PASSED] - Text 'cust@shop.com' is set on object 'Object Repository/Page_Shop ZPW/input_Email_email'

2019-01-19 22:06:02 - [TEST_STEP][PASSED] - setEncryptedText(findTestObject("Page_Shop ZPW/input_Password_password"), "8SQVv/p9jVScEs4/2CZsLw=="): Text ****** has been set on object 'Object Repository/Page_Shop ZPW/input_Password_password'

2019-01-19 22:06:02 - [MESSAGE][PASSED] - Text ****** has been set on object 'Object Repository/Page_Shop ZPW/input_Password_password'

2019-01-19 22:06:02 - [TEST_STEP][PASSED] - click(findTestObject("Page_Shop ZPW/button_Login"), STOP_ON_FAILURE): Object: 'Object Repository/Page_Shop ZPW/button_Login' is clicked on

2019-01-19 22:06:03 - [MESSAGE][PASSED] - Object: 'Object Repository/Page_Shop ZPW/button_Login' is clicked on

2019-01-19 22:06:03 - [TEST_STEP][PASSED] - verifyElementPresent(findTestObject("Page_Shop ZPW/a_page 2"), 5): Object 'Object Repository/Page_Shop ZPW/a_page 2' is present

2019-01-19 22:06:04 - [MESSAGE][PASSED] - Object 'Object Repository/Page_Shop ZPW/a_page 2' is present

2019-01-19 22:06:04 - [TEST_STEP][PASSED] - verifyElementPresent(findTestObject("Page_Shop ZPW/a_Shoes"), 1): Object 'Object Repository/Page_Shop ZPW/a_Shoes' is present

2019-01-19 22:06:04 - [MESSAGE][PASSED] - Object 'Object Repository/Page_Shop ZPW/a_Shoes' is present

2019-01-19 22:06:04 - [TEST_STEP][PASSED] - verifyElementPresent(findTestObject("Page_Shop ZPW/a_Bohemian Rhapsody"), 1): Object 'Object Repository/Page_Shop ZPW/a_Bohemian Rhapsody' is present

2019-01-19 22:06:04 - [MESSAGE][PASSED] - Object 'Object Repository/Page_Shop ZPW/a_Bohemian Rhapsody' is present

2019-01-19 22:06:04 - [TEST_STEP][PASSED] - verifyElementPresent(findTestObject("Page_Shop ZPW/a_Design patterns"), 1): Object 'Object Repository/Page_Shop ZPW/a_Design patterns' is present

2019-01-19 22:06:04 - [MESSAGE][PASSED] - Object 'Object Repository/Page_Shop ZPW/a_Design patterns' is present

2019-01-19 22:06:04 - [TEST_STEP][PASSED] - verifyElementPresent(findTestObject("Page_Shop ZPW/a_Knife"), 1): Object 'Object Repository/Page_Shop ZPW/a_Knife' is present

2019-01-19 22:06:04 - [MESSAGE][PASSED] - Object 'Object Repository/Page_Shop ZPW/a_Knife' is present

2019-01-19 22:06:04 - [TEST_STEP][PASSED] - verifyElementPresent(findTestObject("Page_Shop ZPW/a_TV"), 1): Object 'Object Repository/Page_Shop ZPW/a_TV' is present

2019-01-19 22:06:04 - [MESSAGE][PASSED] - Object 'Object Repository/Page_Shop ZPW/a_TV' is present

2019-01-19 22:06:04 - [TEST_STEP][PASSED] - verifyElementPresent(findTestObject("Page_Shop ZPW/a_Backpack"), 1): Object 'Object Repository/Page_Shop ZPW/a_Backpack' is present

2019-01-19 22:06:04 - [MESSAGE][PASSED] - Object 'Object Repository/Page_Shop ZPW/a_Backpack' is present

2019-01-19 22:06:04 - [TEST_STEP][PASSED] - click(findTestObject("Page_Shop ZPW/a_page 2")): Object: 'Object Repository/Page_Shop ZPW/a_page 2' is clicked on

2019-01-19 22:06:05 - [MESSAGE][PASSED] - Object: 'Object Repository/Page_Shop ZPW/a_page 2' is clicked on

2019-01-19 22:06:05 - [TEST_STEP][PASSED] - verifyElementPresent(findTestObject("Page_Shop ZPW/a_Clean code"), 1): Object 'Object Repository/Page_Shop ZPW/a_Clean code' is present

2019-01-19 22:06:05 - [MESSAGE][PASSED] - Object 'Object Repository/Page_Shop ZPW/a_Clean code' is present

2019-01-19 22:06:05 - [TEST_STEP][PASSED] - click(findTestObject("Page_Shop ZPW/button_Logout")): Object: 'Object Repository/Page_Shop ZPW/button_Logout' is clicked on

2019-01-19 22:06:06 - [MESSAGE][PASSED] - Object: 'Object Repository/Page_Shop ZPW/button_Logout' is clicked on

2019-01-19 22:06:06 - [TEST_STEP][PASSED] - closeBrowser(): Browser is closed

2019-01-19 22:06:06 - [MESSAGE][PASSED] - Browser is closed]]></system-out>
         <system-err><![CDATA[]]></system-err>
      </testcase>
      <testcase name="Test Cases/Web UI Tests/Orders/12 Create valid order" classname="Test Cases/Web UI Tests/Orders/12 Create valid order" status="PASSED">
         <system-out><![CDATA[2019-01-19 22:06:06 - [TEST_CASE][PASSED] - Test Cases/Web UI Tests/Orders/12 Create valid order: Test Cases/Web UI Tests/Orders/12 Create valid order

2019-01-19 22:06:06 - [TEST_STEP][PASSED] - openBrowser(""): Browser is opened with url: ''

2019-01-19 22:06:06 - [MESSAGE][INFO] - Starting 'Firefox' driver

2019-01-19 22:06:09 - [MESSAGE][PASSED] - Browser is opened with url: ''

2019-01-19 22:06:09 - [TEST_STEP][PASSED] - navigateToUrl("https://hidden-meadow-13855.herokuapp.com/"): Navigate to 'https://hidden-meadow-13855.herokuapp.com/' successfully

2019-01-19 22:06:16 - [MESSAGE][PASSED] - Navigate to 'https://hidden-meadow-13855.herokuapp.com/' successfully

2019-01-19 22:06:16 - [TEST_STEP][PASSED] - setText(findTestObject("Page_Shop ZPW/input_Email_email"), "cust@shop.com"): Text 'cust@shop.com' is set on object 'Object Repository/Page_Shop ZPW/input_Email_email'

2019-01-19 22:06:17 - [MESSAGE][PASSED] - Text 'cust@shop.com' is set on object 'Object Repository/Page_Shop ZPW/input_Email_email'

2019-01-19 22:06:17 - [TEST_STEP][PASSED] - setEncryptedText(findTestObject("Page_Shop ZPW/input_Password_password"), "8SQVv/p9jVScEs4/2CZsLw=="): Text ****** has been set on object 'Object Repository/Page_Shop ZPW/input_Password_password'

2019-01-19 22:06:17 - [MESSAGE][PASSED] - Text ****** has been set on object 'Object Repository/Page_Shop ZPW/input_Password_password'

2019-01-19 22:06:17 - [TEST_STEP][PASSED] - click(findTestObject("Page_Shop ZPW/button_Login")): Object: 'Object Repository/Page_Shop ZPW/button_Login' is clicked on

2019-01-19 22:06:17 - [MESSAGE][PASSED] - Object: 'Object Repository/Page_Shop ZPW/button_Login' is clicked on

2019-01-19 22:06:17 - [TEST_STEP][PASSED] - click(findTestObject("Page_Shop ZPW/button_ 99_btn btn-labeled btn")): Object: 'Object Repository/Page_Shop ZPW/button_ 99_btn btn-labeled btn' is clicked on

2019-01-19 22:06:20 - [MESSAGE][PASSED] - Object: 'Object Repository/Page_Shop ZPW/button_ 99_btn btn-labeled btn' is clicked on

2019-01-19 22:06:20 - [TEST_STEP][PASSED] - click(findTestObject("Page_Shop ZPW/button_ 99_btn btn-labeled btn"), STOP_ON_FAILURE): Object: 'Object Repository/Page_Shop ZPW/button_ 99_btn btn-labeled btn' is clicked on

2019-01-19 22:06:20 - [MESSAGE][PASSED] - Object: 'Object Repository/Page_Shop ZPW/button_ 99_btn btn-labeled btn' is clicked on

2019-01-19 22:06:20 - [TEST_STEP][PASSED] - click(findTestObject("Page_Shop ZPW/button_ 50_btn btn-labeled btn")): Object: 'Object Repository/Page_Shop ZPW/button_ 50_btn btn-labeled btn' is clicked on

2019-01-19 22:06:20 - [MESSAGE][PASSED] - Object: 'Object Repository/Page_Shop ZPW/button_ 50_btn btn-labeled btn' is clicked on

2019-01-19 22:06:20 - [TEST_STEP][PASSED] - click(findTestObject("Page_Shop ZPW/button_Shopping Cart")): Object: 'Object Repository/Page_Shop ZPW/button_Shopping Cart' is clicked on

2019-01-19 22:06:20 - [MESSAGE][PASSED] - Object: 'Object Repository/Page_Shop ZPW/button_Shopping Cart' is clicked on

2019-01-19 22:06:20 - [TEST_STEP][PASSED] - verifyElementPresent(findTestObject("Page_Shop ZPW/td_Bohemian Rhapsody"), 1): Object 'Object Repository/Page_Shop ZPW/td_Bohemian Rhapsody' is present

2019-01-19 22:06:20 - [MESSAGE][PASSED] - Object 'Object Repository/Page_Shop ZPW/td_Bohemian Rhapsody' is present

2019-01-19 22:06:20 - [TEST_STEP][PASSED] - verifyElementPresent(findTestObject("Page_Shop ZPW/td_Knife"), 1): Object 'Object Repository/Page_Shop ZPW/td_Knife' is present

2019-01-19 22:06:20 - [MESSAGE][PASSED] - Object 'Object Repository/Page_Shop ZPW/td_Knife' is present

2019-01-19 22:06:20 - [TEST_STEP][PASSED] - price1 = getText(findTestObject("Page_Shop ZPW/td_55.00")): Text of object 'Object Repository/Page_Shop ZPW/td_55.00' is: '$55.00'

2019-01-19 22:06:20 - [MESSAGE][PASSED] - Text of object 'Object Repository/Page_Shop ZPW/td_55.00' is: '$55.00'

2019-01-19 22:06:20 - [TEST_STEP][PASSED] - assert price1 == "$55.00": null

2019-01-19 22:06:20 - [TEST_STEP][PASSED] - price2 = getText(findTestObject("Page_Shop ZPW/td_10.00")): Text of object 'Object Repository/Page_Shop ZPW/td_10.00' is: '$10.00'

2019-01-19 22:06:20 - [MESSAGE][PASSED] - Text of object 'Object Repository/Page_Shop ZPW/td_10.00' is: '$10.00'

2019-01-19 22:06:20 - [TEST_STEP][PASSED] - assert price2 == "$10.00": null

2019-01-19 22:06:20 - [TEST_STEP][PASSED] - quantity1 = getText(findTestObject("Page_Shop ZPW/td_2")): Text of object 'Object Repository/Page_Shop ZPW/td_2' is: '2'

2019-01-19 22:06:20 - [MESSAGE][PASSED] - Text of object 'Object Repository/Page_Shop ZPW/td_2' is: '2'

2019-01-19 22:06:20 - [TEST_STEP][PASSED] - assert quantity1 == "2": null

2019-01-19 22:06:20 - [TEST_STEP][PASSED] - quantity2 = getText(findTestObject("Page_Shop ZPW/td_1")): Text of object 'Object Repository/Page_Shop ZPW/td_1' is: '1'

2019-01-19 22:06:20 - [MESSAGE][PASSED] - Text of object 'Object Repository/Page_Shop ZPW/td_1' is: '1'

2019-01-19 22:06:20 - [TEST_STEP][PASSED] - assert quantity2 == "1": null

2019-01-19 22:06:20 - [TEST_STEP][PASSED] - totalValue = getText(findTestObject("Page_Shop ZPW/td_Total value 120.00")): Text of object 'Object Repository/Page_Shop ZPW/td_Total value 120.00' is: 'Total value: $120.00'

2019-01-19 22:06:20 - [MESSAGE][PASSED] - Text of object 'Object Repository/Page_Shop ZPW/td_Total value 120.00' is: 'Total value: $120.00'

2019-01-19 22:06:20 - [TEST_STEP][PASSED] - assert totalValue == "Total value: $120.00": null

2019-01-19 22:06:20 - [TEST_STEP][PASSED] - click(findTestObject("Page_Shop ZPW/button_Proceed order")): Object: 'Object Repository/Page_Shop ZPW/button_Proceed order' is clicked on

2019-01-19 22:06:21 - [MESSAGE][PASSED] - Object: 'Object Repository/Page_Shop ZPW/button_Proceed order' is clicked on

2019-01-19 22:06:21 - [TEST_STEP][PASSED] - setText(findTestObject("Page_Shop ZPW/input_First Name_firstName"), "Customer"): Text 'Customer' is set on object 'Object Repository/Page_Shop ZPW/input_First Name_firstName'

2019-01-19 22:06:21 - [MESSAGE][PASSED] - Text 'Customer' is set on object 'Object Repository/Page_Shop ZPW/input_First Name_firstName'

2019-01-19 22:06:21 - [TEST_STEP][PASSED] - setText(findTestObject("Page_Shop ZPW/input_Last Name_lastName"), "Avg"): Text 'Avg' is set on object 'Object Repository/Page_Shop ZPW/input_Last Name_lastName'

2019-01-19 22:06:21 - [MESSAGE][PASSED] - Text 'Avg' is set on object 'Object Repository/Page_Shop ZPW/input_Last Name_lastName'

2019-01-19 22:06:21 - [TEST_STEP][PASSED] - setText(findTestObject("Page_Shop ZPW/input_City_city"), "Kraków"): Text 'Kraków' is set on object 'Object Repository/Page_Shop ZPW/input_City_city'

2019-01-19 22:06:21 - [MESSAGE][PASSED] - Text 'Kraków' is set on object 'Object Repository/Page_Shop ZPW/input_City_city'

2019-01-19 22:06:21 - [TEST_STEP][PASSED] - setText(findTestObject("Page_Shop ZPW/input_Street_street"), "Czarnowiejska"): Text 'Czarnowiejska' is set on object 'Object Repository/Page_Shop ZPW/input_Street_street'

2019-01-19 22:06:21 - [MESSAGE][PASSED] - Text 'Czarnowiejska' is set on object 'Object Repository/Page_Shop ZPW/input_Street_street'

2019-01-19 22:06:21 - [TEST_STEP][PASSED] - setText(findTestObject("Page_Shop ZPW/input_Postal Code_postalCode"), "32-500"): Text '32-500' is set on object 'Object Repository/Page_Shop ZPW/input_Postal Code_postalCode'

2019-01-19 22:06:21 - [MESSAGE][PASSED] - Text '32-500' is set on object 'Object Repository/Page_Shop ZPW/input_Postal Code_postalCode'

2019-01-19 22:06:21 - [TEST_STEP][PASSED] - click(findTestObject("Page_Shop ZPW/button_Submit your order")): Object: 'Object Repository/Page_Shop ZPW/button_Submit your order' is clicked on

2019-01-19 22:06:21 - [MESSAGE][PASSED] - Object: 'Object Repository/Page_Shop ZPW/button_Submit your order' is clicked on

2019-01-19 22:06:21 - [TEST_STEP][PASSED] - verifyElementPresent(findTestObject("Page_Shop ZPW/div_Close Order successfully s"), 1): Object 'Object Repository/Page_Shop ZPW/div_Close Order successfully s' is present

2019-01-19 22:06:21 - [MESSAGE][PASSED] - Object 'Object Repository/Page_Shop ZPW/div_Close Order successfully s' is present

2019-01-19 22:06:21 - [TEST_STEP][PASSED] - click(findTestObject("Page_Shop ZPW/button_Logout")): Object: 'Object Repository/Page_Shop ZPW/button_Logout' is clicked on

2019-01-19 22:06:22 - [MESSAGE][PASSED] - Object: 'Object Repository/Page_Shop ZPW/button_Logout' is clicked on

2019-01-19 22:06:22 - [TEST_STEP][PASSED] - closeBrowser(): Browser is closed

2019-01-19 22:06:22 - [MESSAGE][PASSED] - Browser is closed]]></system-out>
         <system-err><![CDATA[]]></system-err>
      </testcase>
      <testcase name="Test Cases/Web UI Tests/Orders/13 Cancel order" classname="Test Cases/Web UI Tests/Orders/13 Cancel order" status="PASSED">
         <system-out><![CDATA[2019-01-19 22:06:22 - [TEST_CASE][PASSED] - Test Cases/Web UI Tests/Orders/13 Cancel order: Test Cases/Web UI Tests/Orders/13 Cancel order

2019-01-19 22:06:22 - [TEST_STEP][PASSED] - openBrowser(""): Browser is opened with url: ''

2019-01-19 22:06:22 - [MESSAGE][INFO] - Starting 'Firefox' driver

2019-01-19 22:06:25 - [MESSAGE][PASSED] - Browser is opened with url: ''

2019-01-19 22:06:25 - [TEST_STEP][PASSED] - navigateToUrl("https://hidden-meadow-13855.herokuapp.com/"): Navigate to 'https://hidden-meadow-13855.herokuapp.com/' successfully

2019-01-19 22:06:34 - [MESSAGE][PASSED] - Navigate to 'https://hidden-meadow-13855.herokuapp.com/' successfully

2019-01-19 22:06:34 - [TEST_STEP][PASSED] - setText(findTestObject("Object Repository/Page_Shop ZPW/input_Email_email (6) (1)"), "cust@shop.com"): Text 'cust@shop.com' is set on object 'Object Repository/Page_Shop ZPW/input_Email_email (6) (1)'

2019-01-19 22:06:35 - [MESSAGE][PASSED] - Text 'cust@shop.com' is set on object 'Object Repository/Page_Shop ZPW/input_Email_email (6) (1)'

2019-01-19 22:06:35 - [TEST_STEP][PASSED] - setEncryptedText(findTestObject("Object Repository/Page_Shop ZPW/input_Password_password (6) (1)"), "8SQVv/p9jVScEs4/2CZsLw=="): Text ****** has been set on object 'Object Repository/Page_Shop ZPW/input_Password_password (6) (1)'

2019-01-19 22:06:35 - [MESSAGE][PASSED] - Text ****** has been set on object 'Object Repository/Page_Shop ZPW/input_Password_password (6) (1)'

2019-01-19 22:06:35 - [TEST_STEP][PASSED] - click(findTestObject("Object Repository/Page_Shop ZPW/button_Login (4) (1)")): Object: 'Object Repository/Page_Shop ZPW/button_Login (4) (1)' is clicked on

2019-01-19 22:06:35 - [MESSAGE][PASSED] - Object: 'Object Repository/Page_Shop ZPW/button_Login (4) (1)' is clicked on

2019-01-19 22:06:35 - [TEST_STEP][PASSED] - click(findTestObject("Object Repository/Page_Shop ZPW/button_ 91_btn btn-labeled btn (1) (1)")): Object: 'Object Repository/Page_Shop ZPW/button_ 91_btn btn-labeled btn (1) (1)' is clicked on

2019-01-19 22:06:37 - [MESSAGE][PASSED] - Object: 'Object Repository/Page_Shop ZPW/button_ 91_btn btn-labeled btn (1) (1)' is clicked on

2019-01-19 22:06:37 - [TEST_STEP][PASSED] - click(findTestObject("Object Repository/Page_Shop ZPW/button_Shopping Cart (1) (1)")): Object: 'Object Repository/Page_Shop ZPW/button_Shopping Cart (1) (1)' is clicked on

2019-01-19 22:06:37 - [MESSAGE][PASSED] - Object: 'Object Repository/Page_Shop ZPW/button_Shopping Cart (1) (1)' is clicked on

2019-01-19 22:06:37 - [TEST_STEP][PASSED] - verifyElementPresent(findTestObject("Object Repository/Page_Shop ZPW/td_Bohemian Rhapsody (2)"), 1): Object 'Object Repository/Page_Shop ZPW/td_Bohemian Rhapsody (2)' is present

2019-01-19 22:06:37 - [MESSAGE][PASSED] - Object 'Object Repository/Page_Shop ZPW/td_Bohemian Rhapsody (2)' is present

2019-01-19 22:06:37 - [TEST_STEP][PASSED] - click(findTestObject("Object Repository/Page_Shop ZPW/button_55.00_btn btn-labeled b (1)")): Object: 'Object Repository/Page_Shop ZPW/button_55.00_btn btn-labeled b (1)' is clicked on

2019-01-19 22:06:38 - [MESSAGE][PASSED] - Object: 'Object Repository/Page_Shop ZPW/button_55.00_btn btn-labeled b (1)' is clicked on

2019-01-19 22:06:38 - [TEST_STEP][PASSED] - totalValue = getText(findTestObject("Object Repository/Page_Shop ZPW/td_Total value 0.00")): Text of object 'Object Repository/Page_Shop ZPW/td_Total value 0.00' is: 'Total value: $0.00'

2019-01-19 22:06:38 - [MESSAGE][PASSED] - Text of object 'Object Repository/Page_Shop ZPW/td_Total value 0.00' is: 'Total value: $0.00'

2019-01-19 22:06:38 - [TEST_STEP][PASSED] - assert totalValue == "Total value: $0.00": null

2019-01-19 22:06:38 - [TEST_STEP][PASSED] - click(findTestObject("Page_Shop ZPW/button_Back to shopping")): Object: 'Object Repository/Page_Shop ZPW/button_Back to shopping' is clicked on

2019-01-19 22:06:38 - [MESSAGE][PASSED] - Object: 'Object Repository/Page_Shop ZPW/button_Back to shopping' is clicked on

2019-01-19 22:06:38 - [TEST_STEP][PASSED] - click(findTestObject("Object Repository/Page_Shop ZPW/button_Logout (3) (1)")): Object: 'Object Repository/Page_Shop ZPW/button_Logout (3) (1)' is clicked on

2019-01-19 22:06:38 - [MESSAGE][PASSED] - Object: 'Object Repository/Page_Shop ZPW/button_Logout (3) (1)' is clicked on

2019-01-19 22:06:38 - [TEST_STEP][PASSED] - closeBrowser(): Browser is closed

2019-01-19 22:06:39 - [MESSAGE][PASSED] - Browser is closed]]></system-out>
         <system-err><![CDATA[]]></system-err>
      </testcase>
      <testcase name="Test Cases/Web UI Tests/Orders/14 Order which empty product" classname="Test Cases/Web UI Tests/Orders/14 Order which empty product" status="FAILED">
         <failure type="FAILED" message="Test Cases/Web UI Tests/Orders/14 Order which empty product FAILED.
Reason:
com.kms.katalon.core.exception.StepFailedException: Unable to verify object 'Object Repository/Page_Shop ZPW/a_TV' is not present (Root cause: com.kms.katalon.core.exception.StepFailedException: Web element with id: 'Object Repository/Page_Shop ZPW/a_TV' located by 'By.xpath: //a[contains(text(),'TV')]' is present after '2' second(s))
	at com.kms.katalon.core.keyword.internal.KeywordMain.stepFailed(KeywordMain.groovy:36)
	at com.kms.katalon.core.webui.keyword.internal.WebUIKeywordMain.stepFailed(WebUIKeywordMain.groovy:65)
	at com.kms.katalon.core.webui.keyword.internal.WebUIKeywordMain.runKeyword(WebUIKeywordMain.groovy:27)
	at com.kms.katalon.core.webui.keyword.builtin.VerifyElementNotPresentKeyword.verifyElementNotPresent(VerifyElementNotPresentKeyword.groovy:118)
	at com.kms.katalon.core.webui.keyword.builtin.VerifyElementNotPresentKeyword.execute(VerifyElementNotPresentKeyword.groovy:68)
	at com.kms.katalon.core.keyword.internal.KeywordExecutor.executeKeywordForPlatform(KeywordExecutor.groovy:53)
	at com.kms.katalon.core.webui.keyword.WebUiBuiltInKeywords.verifyElementNotPresent(WebUiBuiltInKeywords.groovy:1467)
	at com.kms.katalon.core.webui.keyword.WebUiBuiltInKeywords$verifyElementNotPresent$5.call(Unknown Source)
	at 14 Order which empty product.run(14 Order which empty product:36)
	at com.kms.katalon.core.main.ScriptEngine.run(ScriptEngine.java:194)
	at com.kms.katalon.core.main.ScriptEngine.runScriptAsRawText(ScriptEngine.java:119)
	at com.kms.katalon.core.main.TestCaseExecutor.runScript(TestCaseExecutor.java:328)
	at com.kms.katalon.core.main.TestCaseExecutor.doExecute(TestCaseExecutor.java:319)
	at com.kms.katalon.core.main.TestCaseExecutor.processExecutionPhase(TestCaseExecutor.java:298)
	at com.kms.katalon.core.main.TestCaseExecutor.accessMainPhase(TestCaseExecutor.java:290)
	at com.kms.katalon.core.main.TestCaseExecutor.execute(TestCaseExecutor.java:224)
	at com.kms.katalon.core.main.TestSuiteExecutor.accessTestCaseMainPhase(TestSuiteExecutor.java:129)
	at com.kms.katalon.core.main.TestSuiteExecutor.accessTestSuiteMainPhase(TestSuiteExecutor.java:112)
	at com.kms.katalon.core.main.TestSuiteExecutor.execute(TestSuiteExecutor.java:81)
	at com.kms.katalon.core.main.TestCaseMain.startTestSuite(TestCaseMain.java:149)
	at com.kms.katalon.core.main.TestCaseMain$startTestSuite$0.call(Unknown Source)
	at TempTestSuite1547931917535.run(TempTestSuite1547931917535.groovy:36)
"/>
         <system-out><![CDATA[2019-01-19 22:06:39 - [TEST_CASE][FAILED] - Test Cases/Web UI Tests/Orders/14 Order which empty product: Test Cases/Web UI Tests/Orders/14 Order which empty product FAILED.
Reason:
com.kms.katalon.core.exception.StepFailedException: Unable to verify object 'Object Repository/Page_Shop ZPW/a_TV' is not present (Root cause: com.kms.katalon.core.exception.StepFailedException: Web element with id: 'Object Repository/Page_Shop ZPW/a_TV' located by 'By.xpath: //a[contains(text(),'TV')]' is present after '2' second(s))
	at com.kms.katalon.core.keyword.internal.KeywordMain.stepFailed(KeywordMain.groovy:36)
	at com.kms.katalon.core.webui.keyword.internal.WebUIKeywordMain.stepFailed(WebUIKeywordMain.groovy:65)
	at com.kms.katalon.core.webui.keyword.internal.WebUIKeywordMain.runKeyword(WebUIKeywordMain.groovy:27)
	at com.kms.katalon.core.webui.keyword.builtin.VerifyElementNotPresentKeyword.verifyElementNotPresent(VerifyElementNotPresentKeyword.groovy:118)
	at com.kms.katalon.core.webui.keyword.builtin.VerifyElementNotPresentKeyword.execute(VerifyElementNotPresentKeyword.groovy:68)
	at com.kms.katalon.core.keyword.internal.KeywordExecutor.executeKeywordForPlatform(KeywordExecutor.groovy:53)
	at com.kms.katalon.core.webui.keyword.WebUiBuiltInKeywords.verifyElementNotPresent(WebUiBuiltInKeywords.groovy:1467)
	at com.kms.katalon.core.webui.keyword.WebUiBuiltInKeywords$verifyElementNotPresent$5.call(Unknown Source)
	at 14 Order which empty product.run(14 Order which empty product:36)
	at com.kms.katalon.core.main.ScriptEngine.run(ScriptEngine.java:194)
	at com.kms.katalon.core.main.ScriptEngine.runScriptAsRawText(ScriptEngine.java:119)
	at com.kms.katalon.core.main.TestCaseExecutor.runScript(TestCaseExecutor.java:328)
	at com.kms.katalon.core.main.TestCaseExecutor.doExecute(TestCaseExecutor.java:319)
	at com.kms.katalon.core.main.TestCaseExecutor.processExecutionPhase(TestCaseExecutor.java:298)
	at com.kms.katalon.core.main.TestCaseExecutor.accessMainPhase(TestCaseExecutor.java:290)
	at com.kms.katalon.core.main.TestCaseExecutor.execute(TestCaseExecutor.java:224)
	at com.kms.katalon.core.main.TestSuiteExecutor.accessTestCaseMainPhase(TestSuiteExecutor.java:129)
	at com.kms.katalon.core.main.TestSuiteExecutor.accessTestSuiteMainPhase(TestSuiteExecutor.java:112)
	at com.kms.katalon.core.main.TestSuiteExecutor.execute(TestSuiteExecutor.java:81)
	at com.kms.katalon.core.main.TestCaseMain.startTestSuite(TestCaseMain.java:149)
	at com.kms.katalon.core.main.TestCaseMain$startTestSuite$0.call(Unknown Source)
	at TempTestSuite1547931917535.run(TempTestSuite1547931917535.groovy:36)


2019-01-19 22:06:39 - [TEST_STEP][PASSED] - openBrowser(""): Browser is opened with url: ''

2019-01-19 22:06:39 - [MESSAGE][INFO] - Starting 'Firefox' driver

2019-01-19 22:06:41 - [MESSAGE][PASSED] - Browser is opened with url: ''

2019-01-19 22:06:41 - [TEST_STEP][PASSED] - navigateToUrl("https://hidden-meadow-13855.herokuapp.com/"): Navigate to 'https://hidden-meadow-13855.herokuapp.com/' successfully

2019-01-19 22:06:55 - [MESSAGE][PASSED] - Navigate to 'https://hidden-meadow-13855.herokuapp.com/' successfully

2019-01-19 22:06:55 - [TEST_STEP][PASSED] - setText(findTestObject("Page_Shop ZPW/input_Email_email"), "cust@shop.com"): Text 'cust@shop.com' is set on object 'Object Repository/Page_Shop ZPW/input_Email_email'

2019-01-19 22:06:56 - [MESSAGE][PASSED] - Text 'cust@shop.com' is set on object 'Object Repository/Page_Shop ZPW/input_Email_email'

2019-01-19 22:06:56 - [TEST_STEP][PASSED] - setEncryptedText(findTestObject("Page_Shop ZPW/input_Password_password"), "8SQVv/p9jVScEs4/2CZsLw=="): Text ****** has been set on object 'Object Repository/Page_Shop ZPW/input_Password_password'

2019-01-19 22:06:56 - [MESSAGE][PASSED] - Text ****** has been set on object 'Object Repository/Page_Shop ZPW/input_Password_password'

2019-01-19 22:06:56 - [TEST_STEP][PASSED] - click(findTestObject("Page_Shop ZPW/button_Login")): Object: 'Object Repository/Page_Shop ZPW/button_Login' is clicked on

2019-01-19 22:06:56 - [MESSAGE][PASSED] - Object: 'Object Repository/Page_Shop ZPW/button_Login' is clicked on

2019-01-19 22:06:56 - [TEST_STEP][PASSED] - click(findTestObject("Page_Shop ZPW/button_ 7_btn btn-labeled btn-")): Object: 'Object Repository/Page_Shop ZPW/button_ 7_btn btn-labeled btn-' is clicked on

2019-01-19 22:06:58 - [MESSAGE][PASSED] - Object: 'Object Repository/Page_Shop ZPW/button_ 7_btn btn-labeled btn-' is clicked on

2019-01-19 22:06:58 - [TEST_STEP][PASSED] - click(findTestObject("Page_Shop ZPW/button_ 7_btn btn-labeled btn-")): Object: 'Object Repository/Page_Shop ZPW/button_ 7_btn btn-labeled btn-' is clicked on

2019-01-19 22:06:58 - [MESSAGE][PASSED] - Object: 'Object Repository/Page_Shop ZPW/button_ 7_btn btn-labeled btn-' is clicked on

2019-01-19 22:06:58 - [TEST_STEP][PASSED] - click(findTestObject("Page_Shop ZPW/button_ 7_btn btn-labeled btn-")): Object: 'Object Repository/Page_Shop ZPW/button_ 7_btn btn-labeled btn-' is clicked on

2019-01-19 22:06:58 - [MESSAGE][PASSED] - Object: 'Object Repository/Page_Shop ZPW/button_ 7_btn btn-labeled btn-' is clicked on

2019-01-19 22:06:58 - [TEST_STEP][PASSED] - click(findTestObject("Page_Shop ZPW/button_ 7_btn btn-labeled btn-")): Object: 'Object Repository/Page_Shop ZPW/button_ 7_btn btn-labeled btn-' is clicked on

2019-01-19 22:06:58 - [MESSAGE][PASSED] - Object: 'Object Repository/Page_Shop ZPW/button_ 7_btn btn-labeled btn-' is clicked on

2019-01-19 22:06:58 - [TEST_STEP][PASSED] - click(findTestObject("Page_Shop ZPW/button_ 7_btn btn-labeled btn-")): Object: 'Object Repository/Page_Shop ZPW/button_ 7_btn btn-labeled btn-' is clicked on

2019-01-19 22:06:59 - [MESSAGE][PASSED] - Object: 'Object Repository/Page_Shop ZPW/button_ 7_btn btn-labeled btn-' is clicked on

2019-01-19 22:06:59 - [TEST_STEP][FAILED] - verifyElementNotPresent(findTestObject("Page_Shop ZPW/a_TV"), 2): verifyElementNotPresent(findTestObject("Page_Shop ZPW/a_TV"), 2) FAILED.
Reason:
com.kms.katalon.core.exception.StepFailedException: Unable to verify object 'Object Repository/Page_Shop ZPW/a_TV' is not present (Root cause: com.kms.katalon.core.exception.StepFailedException: Web element with id: 'Object Repository/Page_Shop ZPW/a_TV' located by 'By.xpath: //a[contains(text(),'TV')]' is present after '2' second(s))
	at com.kms.katalon.core.keyword.internal.KeywordMain.stepFailed(KeywordMain.groovy:36)
	at com.kms.katalon.core.webui.keyword.internal.WebUIKeywordMain.stepFailed(WebUIKeywordMain.groovy:65)
	at com.kms.katalon.core.webui.keyword.internal.WebUIKeywordMain.runKeyword(WebUIKeywordMain.groovy:27)
	at com.kms.katalon.core.webui.keyword.builtin.VerifyElementNotPresentKeyword.verifyElementNotPresent(VerifyElementNotPresentKeyword.groovy:118)
	at com.kms.katalon.core.webui.keyword.builtin.VerifyElementNotPresentKeyword.execute(VerifyElementNotPresentKeyword.groovy:68)
	at com.kms.katalon.core.keyword.internal.KeywordExecutor.executeKeywordForPlatform(KeywordExecutor.groovy:53)
	at com.kms.katalon.core.webui.keyword.WebUiBuiltInKeywords.verifyElementNotPresent(WebUiBuiltInKeywords.groovy:1467)
	at com.kms.katalon.core.webui.keyword.WebUiBuiltInKeywords$verifyElementNotPresent$5.call(Unknown Source)
	at 14 Order which empty product.run(14 Order which empty product:36)
	at com.kms.katalon.core.main.ScriptEngine.run(ScriptEngine.java:194)
	at com.kms.katalon.core.main.ScriptEngine.runScriptAsRawText(ScriptEngine.java:119)
	at com.kms.katalon.core.main.TestCaseExecutor.runScript(TestCaseExecutor.java:328)
	at com.kms.katalon.core.main.TestCaseExecutor.doExecute(TestCaseExecutor.java:319)
	at com.kms.katalon.core.main.TestCaseExecutor.processExecutionPhase(TestCaseExecutor.java:298)
	at com.kms.katalon.core.main.TestCaseExecutor.accessMainPhase(TestCaseExecutor.java:290)
	at com.kms.katalon.core.main.TestCaseExecutor.execute(TestCaseExecutor.java:224)
	at com.kms.katalon.core.main.TestSuiteExecutor.accessTestCaseMainPhase(TestSuiteExecutor.java:129)
	at com.kms.katalon.core.main.TestSuiteExecutor.accessTestSuiteMainPhase(TestSuiteExecutor.java:112)
	at com.kms.katalon.core.main.TestSuiteExecutor.execute(TestSuiteExecutor.java:81)
	at com.kms.katalon.core.main.TestCaseMain.startTestSuite(TestCaseMain.java:149)
	at com.kms.katalon.core.main.TestCaseMain$startTestSuite$0.call(Unknown Source)
	at TempTestSuite1547931917535.run(TempTestSuite1547931917535.groovy:36)


2019-01-19 22:07:01 - [MESSAGE][FAILED] - Web element with id: 'Object Repository/Page_Shop ZPW/a_TV' located by 'By.xpath: //a[contains(text(),'TV')]' is present after '2' second(s)
[[ATTACHMENT|/Users/klusm/Documents/agh/Testowanie/shop-zpw-tests/shop-zpw-tests/Reports/UI Tests Depend on Data Source/20190119_220517/1547932021099.png]]

2019-01-19 22:07:01 - [MESSAGE][FAILED] - Unable to verify object 'Object Repository/Page_Shop ZPW/a_TV' is not present (Root cause: com.kms.katalon.core.exception.StepFailedException: Web element with id: 'Object Repository/Page_Shop ZPW/a_TV' located by 'By.xpath: //a[contains(text(),'TV')]' is present after '2' second(s))
[[ATTACHMENT|/Users/klusm/Documents/agh/Testowanie/shop-zpw-tests/shop-zpw-tests/Reports/UI Tests Depend on Data Source/20190119_220517/1547932021513.png]]

2019-01-19 22:07:01 - [MESSAGE][FAILED] - verifyElementNotPresent(findTestObject("Page_Shop ZPW/a_TV"), 2) FAILED.
Reason:
com.kms.katalon.core.exception.StepFailedException: Unable to verify object 'Object Repository/Page_Shop ZPW/a_TV' is not present (Root cause: com.kms.katalon.core.exception.StepFailedException: Web element with id: 'Object Repository/Page_Shop ZPW/a_TV' located by 'By.xpath: //a[contains(text(),'TV')]' is present after '2' second(s))
	at com.kms.katalon.core.keyword.internal.KeywordMain.stepFailed(KeywordMain.groovy:36)
	at com.kms.katalon.core.webui.keyword.internal.WebUIKeywordMain.stepFailed(WebUIKeywordMain.groovy:65)
	at com.kms.katalon.core.webui.keyword.internal.WebUIKeywordMain.runKeyword(WebUIKeywordMain.groovy:27)
	at com.kms.katalon.core.webui.keyword.builtin.VerifyElementNotPresentKeyword.verifyElementNotPresent(VerifyElementNotPresentKeyword.groovy:118)
	at com.kms.katalon.core.webui.keyword.builtin.VerifyElementNotPresentKeyword.execute(VerifyElementNotPresentKeyword.groovy:68)
	at com.kms.katalon.core.keyword.internal.KeywordExecutor.executeKeywordForPlatform(KeywordExecutor.groovy:53)
	at com.kms.katalon.core.webui.keyword.WebUiBuiltInKeywords.verifyElementNotPresent(WebUiBuiltInKeywords.groovy:1467)
	at com.kms.katalon.core.webui.keyword.WebUiBuiltInKeywords$verifyElementNotPresent$5.call(Unknown Source)
	at 14 Order which empty product.run(14 Order which empty product:36)
	at com.kms.katalon.core.main.ScriptEngine.run(ScriptEngine.java:194)
	at com.kms.katalon.core.main.ScriptEngine.runScriptAsRawText(ScriptEngine.java:119)
	at com.kms.katalon.core.main.TestCaseExecutor.runScript(TestCaseExecutor.java:328)
	at com.kms.katalon.core.main.TestCaseExecutor.doExecute(TestCaseExecutor.java:319)
	at com.kms.katalon.core.main.TestCaseExecutor.processExecutionPhase(TestCaseExecutor.java:298)
	at com.kms.katalon.core.main.TestCaseExecutor.accessMainPhase(TestCaseExecutor.java:290)
	at com.kms.katalon.core.main.TestCaseExecutor.execute(TestCaseExecutor.java:224)
	at com.kms.katalon.core.main.TestSuiteExecutor.accessTestCaseMainPhase(TestSuiteExecutor.java:129)
	at com.kms.katalon.core.main.TestSuiteExecutor.accessTestSuiteMainPhase(TestSuiteExecutor.java:112)
	at com.kms.katalon.core.main.TestSuiteExecutor.execute(TestSuiteExecutor.java:81)
	at com.kms.katalon.core.main.TestCaseMain.startTestSuite(TestCaseMain.java:149)
	at com.kms.katalon.core.main.TestCaseMain$startTestSuite$0.call(Unknown Source)
	at TempTestSuite1547931917535.run(TempTestSuite1547931917535.groovy:36)]]></system-out>
         <system-err><![CDATA[2019-01-19 22:06:39 - [TEST_CASE][FAILED] - Test Cases/Web UI Tests/Orders/14 Order which empty product: Test Cases/Web UI Tests/Orders/14 Order which empty product FAILED.
Reason:
com.kms.katalon.core.exception.StepFailedException: Unable to verify object 'Object Repository/Page_Shop ZPW/a_TV' is not present (Root cause: com.kms.katalon.core.exception.StepFailedException: Web element with id: 'Object Repository/Page_Shop ZPW/a_TV' located by 'By.xpath: //a[contains(text(),'TV')]' is present after '2' second(s))
	at com.kms.katalon.core.keyword.internal.KeywordMain.stepFailed(KeywordMain.groovy:36)
	at com.kms.katalon.core.webui.keyword.internal.WebUIKeywordMain.stepFailed(WebUIKeywordMain.groovy:65)
	at com.kms.katalon.core.webui.keyword.internal.WebUIKeywordMain.runKeyword(WebUIKeywordMain.groovy:27)
	at com.kms.katalon.core.webui.keyword.builtin.VerifyElementNotPresentKeyword.verifyElementNotPresent(VerifyElementNotPresentKeyword.groovy:118)
	at com.kms.katalon.core.webui.keyword.builtin.VerifyElementNotPresentKeyword.execute(VerifyElementNotPresentKeyword.groovy:68)
	at com.kms.katalon.core.keyword.internal.KeywordExecutor.executeKeywordForPlatform(KeywordExecutor.groovy:53)
	at com.kms.katalon.core.webui.keyword.WebUiBuiltInKeywords.verifyElementNotPresent(WebUiBuiltInKeywords.groovy:1467)
	at com.kms.katalon.core.webui.keyword.WebUiBuiltInKeywords$verifyElementNotPresent$5.call(Unknown Source)
	at 14 Order which empty product.run(14 Order which empty product:36)
	at com.kms.katalon.core.main.ScriptEngine.run(ScriptEngine.java:194)
	at com.kms.katalon.core.main.ScriptEngine.runScriptAsRawText(ScriptEngine.java:119)
	at com.kms.katalon.core.main.TestCaseExecutor.runScript(TestCaseExecutor.java:328)
	at com.kms.katalon.core.main.TestCaseExecutor.doExecute(TestCaseExecutor.java:319)
	at com.kms.katalon.core.main.TestCaseExecutor.processExecutionPhase(TestCaseExecutor.java:298)
	at com.kms.katalon.core.main.TestCaseExecutor.accessMainPhase(TestCaseExecutor.java:290)
	at com.kms.katalon.core.main.TestCaseExecutor.execute(TestCaseExecutor.java:224)
	at com.kms.katalon.core.main.TestSuiteExecutor.accessTestCaseMainPhase(TestSuiteExecutor.java:129)
	at com.kms.katalon.core.main.TestSuiteExecutor.accessTestSuiteMainPhase(TestSuiteExecutor.java:112)
	at com.kms.katalon.core.main.TestSuiteExecutor.execute(TestSuiteExecutor.java:81)
	at com.kms.katalon.core.main.TestCaseMain.startTestSuite(TestCaseMain.java:149)
	at com.kms.katalon.core.main.TestCaseMain$startTestSuite$0.call(Unknown Source)
	at TempTestSuite1547931917535.run(TempTestSuite1547931917535.groovy:36)]]></system-err>
      </testcase>
      <testcase name="Test Cases/Web UI Tests/Orders/15 Order handling by employee" classname="Test Cases/Web UI Tests/Orders/15 Order handling by employee" status="FAILED">
         <failure type="FAILED" message="Test Cases/Web UI Tests/Orders/15 Order handling by employee FAILED.
Reason:
com.kms.katalon.core.exception.StepFailedException: Unable to execute JavaScript. (Root cause: org.openqa.selenium.StaleElementReferenceException: The element reference of &lt;button class=&quot;close&quot; type=&quot;button&quot;> is stale; either the element is no longer attached to the DOM, it is not in the current frame context, or the document has been refreshed
For documentation on this error, please visit: http://seleniumhq.org/exceptions/stale_element_reference.html
Build info: version: '3.7.1', revision: '8a0099a', time: '2017-11-06T21:07:36.161Z'
System info: host: 'L32474OEU', ip: 'fe80:0:0:0:1ca0:f11b:16f4:dc99%en0', os.name: 'Mac OS X', os.arch: 'x86_64', os.version: '10.13.6', java.version: '1.8.0_181'
Driver info: com.kms.katalon.core.webui.driver.firefox.CGeckoDriver
Capabilities {acceptInsecureCerts: true, browserName: firefox, browserVersion: 59.0.2, javascriptEnabled: true, moz:accessibilityChecks: false, moz:geckodriverVersion: 0.23.0, moz:headless: false, moz:processID: 92025, moz:profile: /var/folders/j7/ct6z3rhd2kq..., moz:useNonSpecCompliantPointerOrigin: false, moz:webdriverClick: true, pageLoadStrategy: normal, platform: MAC, platformName: MAC, platformVersion: 17.7.0, proxy: Proxy(direct), rotatable: false, timeouts: {implicit: 0, pageLoad: 300000, script: 30000}}
Session ID: 9a52e3d4-086c-324c-86ea-1098d16d10ce)
	at com.kms.katalon.core.keyword.internal.KeywordMain.stepFailed(KeywordMain.groovy:36)
	at com.kms.katalon.core.webui.keyword.internal.WebUIKeywordMain.stepFailed(WebUIKeywordMain.groovy:65)
	at com.kms.katalon.core.webui.keyword.internal.WebUIKeywordMain.runKeyword(WebUIKeywordMain.groovy:27)
	at com.kms.katalon.core.webui.keyword.builtin.ExecuteJavaScriptKeyword.executeJavascript(ExecuteJavascriptKeyword.groovy:42)
	at com.kms.katalon.core.webui.keyword.builtin.ExecuteJavaScriptKeyword.execute(ExecuteJavascriptKeyword.groovy:37)
	at com.kms.katalon.core.keyword.internal.KeywordExecutor.executeKeywordForPlatform(KeywordExecutor.groovy:53)
	at com.kms.katalon.core.webui.keyword.WebUiBuiltInKeywords.executeJavaScript(WebUiBuiltInKeywords.groovy:3787)
	at com.kms.katalon.core.webui.keyword.WebUiBuiltInKeywords$executeJavaScript$10.call(Unknown Source)
	at 15 Order handling by employee.run(15 Order handling by employee:56)
	at com.kms.katalon.core.main.ScriptEngine.run(ScriptEngine.java:194)
	at com.kms.katalon.core.main.ScriptEngine.runScriptAsRawText(ScriptEngine.java:119)
	at com.kms.katalon.core.main.TestCaseExecutor.runScript(TestCaseExecutor.java:328)
	at com.kms.katalon.core.main.TestCaseExecutor.doExecute(TestCaseExecutor.java:319)
	at com.kms.katalon.core.main.TestCaseExecutor.processExecutionPhase(TestCaseExecutor.java:298)
	at com.kms.katalon.core.main.TestCaseExecutor.accessMainPhase(TestCaseExecutor.java:290)
	at com.kms.katalon.core.main.TestCaseExecutor.execute(TestCaseExecutor.java:224)
	at com.kms.katalon.core.main.TestSuiteExecutor.accessTestCaseMainPhase(TestSuiteExecutor.java:129)
	at com.kms.katalon.core.main.TestSuiteExecutor.accessTestSuiteMainPhase(TestSuiteExecutor.java:112)
	at com.kms.katalon.core.main.TestSuiteExecutor.execute(TestSuiteExecutor.java:81)
	at com.kms.katalon.core.main.TestCaseMain.startTestSuite(TestCaseMain.java:149)
	at com.kms.katalon.core.main.TestCaseMain$startTestSuite$0.call(Unknown Source)
	at TempTestSuite1547931917535.run(TempTestSuite1547931917535.groovy:36)
"/>
         <system-out><![CDATA[2019-01-19 22:07:01 - [TEST_CASE][FAILED] - Test Cases/Web UI Tests/Orders/15 Order handling by employee: Test Cases/Web UI Tests/Orders/15 Order handling by employee FAILED.
Reason:
com.kms.katalon.core.exception.StepFailedException: Unable to execute JavaScript. (Root cause: org.openqa.selenium.StaleElementReferenceException: The element reference of <button class="close" type="button"> is stale; either the element is no longer attached to the DOM, it is not in the current frame context, or the document has been refreshed
For documentation on this error, please visit: http://seleniumhq.org/exceptions/stale_element_reference.html
Build info: version: '3.7.1', revision: '8a0099a', time: '2017-11-06T21:07:36.161Z'
System info: host: 'L32474OEU', ip: 'fe80:0:0:0:1ca0:f11b:16f4:dc99%en0', os.name: 'Mac OS X', os.arch: 'x86_64', os.version: '10.13.6', java.version: '1.8.0_181'
Driver info: com.kms.katalon.core.webui.driver.firefox.CGeckoDriver
Capabilities {acceptInsecureCerts: true, browserName: firefox, browserVersion: 59.0.2, javascriptEnabled: true, moz:accessibilityChecks: false, moz:geckodriverVersion: 0.23.0, moz:headless: false, moz:processID: 92025, moz:profile: /var/folders/j7/ct6z3rhd2kq..., moz:useNonSpecCompliantPointerOrigin: false, moz:webdriverClick: true, pageLoadStrategy: normal, platform: MAC, platformName: MAC, platformVersion: 17.7.0, proxy: Proxy(direct), rotatable: false, timeouts: {implicit: 0, pageLoad: 300000, script: 30000}}
Session ID: 9a52e3d4-086c-324c-86ea-1098d16d10ce)
	at com.kms.katalon.core.keyword.internal.KeywordMain.stepFailed(KeywordMain.groovy:36)
	at com.kms.katalon.core.webui.keyword.internal.WebUIKeywordMain.stepFailed(WebUIKeywordMain.groovy:65)
	at com.kms.katalon.core.webui.keyword.internal.WebUIKeywordMain.runKeyword(WebUIKeywordMain.groovy:27)
	at com.kms.katalon.core.webui.keyword.builtin.ExecuteJavaScriptKeyword.executeJavascript(ExecuteJavascriptKeyword.groovy:42)
	at com.kms.katalon.core.webui.keyword.builtin.ExecuteJavaScriptKeyword.execute(ExecuteJavascriptKeyword.groovy:37)
	at com.kms.katalon.core.keyword.internal.KeywordExecutor.executeKeywordForPlatform(KeywordExecutor.groovy:53)
	at com.kms.katalon.core.webui.keyword.WebUiBuiltInKeywords.executeJavaScript(WebUiBuiltInKeywords.groovy:3787)
	at com.kms.katalon.core.webui.keyword.WebUiBuiltInKeywords$executeJavaScript$10.call(Unknown Source)
	at 15 Order handling by employee.run(15 Order handling by employee:56)
	at com.kms.katalon.core.main.ScriptEngine.run(ScriptEngine.java:194)
	at com.kms.katalon.core.main.ScriptEngine.runScriptAsRawText(ScriptEngine.java:119)
	at com.kms.katalon.core.main.TestCaseExecutor.runScript(TestCaseExecutor.java:328)
	at com.kms.katalon.core.main.TestCaseExecutor.doExecute(TestCaseExecutor.java:319)
	at com.kms.katalon.core.main.TestCaseExecutor.processExecutionPhase(TestCaseExecutor.java:298)
	at com.kms.katalon.core.main.TestCaseExecutor.accessMainPhase(TestCaseExecutor.java:290)
	at com.kms.katalon.core.main.TestCaseExecutor.execute(TestCaseExecutor.java:224)
	at com.kms.katalon.core.main.TestSuiteExecutor.accessTestCaseMainPhase(TestSuiteExecutor.java:129)
	at com.kms.katalon.core.main.TestSuiteExecutor.accessTestSuiteMainPhase(TestSuiteExecutor.java:112)
	at com.kms.katalon.core.main.TestSuiteExecutor.execute(TestSuiteExecutor.java:81)
	at com.kms.katalon.core.main.TestCaseMain.startTestSuite(TestCaseMain.java:149)
	at com.kms.katalon.core.main.TestCaseMain$startTestSuite$0.call(Unknown Source)
	at TempTestSuite1547931917535.run(TempTestSuite1547931917535.groovy:36)


2019-01-19 22:07:01 - [TEST_STEP][PASSED] - openBrowser(""): Browser is opened with url: ''

2019-01-19 22:07:01 - [MESSAGE][WARNING] - A browser is already opened. Closing browser and opening a new one

2019-01-19 22:07:02 - [MESSAGE][INFO] - Starting 'Firefox' driver

2019-01-19 22:07:04 - [MESSAGE][PASSED] - Browser is opened with url: ''

2019-01-19 22:07:04 - [TEST_STEP][PASSED] - navigateToUrl("https://hidden-meadow-13855.herokuapp.com/"): Navigate to 'https://hidden-meadow-13855.herokuapp.com/' successfully

2019-01-19 22:07:13 - [MESSAGE][PASSED] - Navigate to 'https://hidden-meadow-13855.herokuapp.com/' successfully

2019-01-19 22:07:13 - [TEST_STEP][PASSED] - setText(findTestObject("Object Repository/Page_Shop ZPW/input_Email_email (7) (1)"), "emp@shop.com"): Text 'emp@shop.com' is set on object 'Object Repository/Page_Shop ZPW/input_Email_email (7) (1)'

2019-01-19 22:07:14 - [MESSAGE][PASSED] - Text 'emp@shop.com' is set on object 'Object Repository/Page_Shop ZPW/input_Email_email (7) (1)'

2019-01-19 22:07:14 - [TEST_STEP][PASSED] - setEncryptedText(findTestObject("Object Repository/Page_Shop ZPW/input_Password_password (7) (1)"), "8SQVv/p9jVScEs4/2CZsLw=="): Text ****** has been set on object 'Object Repository/Page_Shop ZPW/input_Password_password (7) (1)'

2019-01-19 22:07:14 - [MESSAGE][PASSED] - Text ****** has been set on object 'Object Repository/Page_Shop ZPW/input_Password_password (7) (1)'

2019-01-19 22:07:14 - [TEST_STEP][PASSED] - click(findTestObject("Object Repository/Page_Shop ZPW/button_Login (5) (1)")): Object: 'Object Repository/Page_Shop ZPW/button_Login (5) (1)' is clicked on

2019-01-19 22:07:14 - [MESSAGE][PASSED] - Object: 'Object Repository/Page_Shop ZPW/button_Login (5) (1)' is clicked on

2019-01-19 22:07:14 - [TEST_STEP][PASSED] - click(findTestObject("Object Repository/Page_Shop ZPW/a_Administrator Panel (1) (1)")): Object: 'Object Repository/Page_Shop ZPW/a_Administrator Panel (1) (1)' is clicked on

2019-01-19 22:07:16 - [MESSAGE][PASSED] - Object: 'Object Repository/Page_Shop ZPW/a_Administrator Panel (1) (1)' is clicked on

2019-01-19 22:07:16 - [TEST_STEP][PASSED] - click(findTestObject("Object Repository/Page_Shop ZPW/button_To realization (1) (1)")): Object: 'Object Repository/Page_Shop ZPW/button_To realization (1) (1)' is clicked on

2019-01-19 22:07:17 - [MESSAGE][PASSED] - Object: 'Object Repository/Page_Shop ZPW/button_To realization (1) (1)' is clicked on

2019-01-19 22:07:17 - [TEST_STEP][PASSED] - verifyElementPresent(findTestObject("Object Repository/Page_Shop ZPW/button_Shipped (1) (1)"), 1): Object 'Object Repository/Page_Shop ZPW/button_Shipped (1) (1)' is present

2019-01-19 22:07:17 - [MESSAGE][PASSED] - Object 'Object Repository/Page_Shop ZPW/button_Shipped (1) (1)' is present

2019-01-19 22:07:17 - [TEST_STEP][PASSED] - element = findWebElement(findTestObject("Object Repository/Page_Shop ZPW/button_Details (1) (1)"), 30): null

2019-01-19 22:07:17 - [TEST_STEP][PASSED] - executeJavaScript("arguments[0].click()", Arrays.asList(element)): Execute JavaScript 'arguments[0].click()' successfully

2019-01-19 22:07:17 - [MESSAGE][PASSED] - Execute JavaScript 'arguments[0].click()' successfully

2019-01-19 22:07:17 - [TEST_STEP][PASSED] - element = findWebElement(findTestObject("Object Repository/Page_Shop ZPW/input_110.00_ng-untouched ng-p (1) (1)"), 30): null

2019-01-19 22:07:17 - [TEST_STEP][PASSED] - executeJavaScript("arguments[0].click()", Arrays.asList(element)): Execute JavaScript 'arguments[0].click()' successfully

2019-01-19 22:07:17 - [MESSAGE][PASSED] - Execute JavaScript 'arguments[0].click()' successfully

2019-01-19 22:07:17 - [TEST_STEP][PASSED] - element = findWebElement(findTestObject("Object Repository/Page_Shop ZPW/input_10.00_ng-untouched ng-pr (1) (1)"), 30): null

2019-01-19 22:07:17 - [TEST_STEP][PASSED] - executeJavaScript("arguments[0].click()", Arrays.asList(element)): Execute JavaScript 'arguments[0].click()' successfully

2019-01-19 22:07:17 - [MESSAGE][PASSED] - Execute JavaScript 'arguments[0].click()' successfully

2019-01-19 22:07:17 - [TEST_STEP][PASSED] - element = findWebElement(findTestObject("Object Repository/Page_Shop ZPW/button_Save changes (1) (1)"), 30): null

2019-01-19 22:07:17 - [TEST_STEP][PASSED] - executeJavaScript("arguments[0].click()", Arrays.asList(element)): Execute JavaScript 'arguments[0].click()' successfully

2019-01-19 22:07:17 - [MESSAGE][PASSED] - Execute JavaScript 'arguments[0].click()' successfully

2019-01-19 22:07:17 - [TEST_STEP][PASSED] - element = findWebElement(findTestObject("Object Repository/Page_Shop ZPW/button_Shipped (1) (1)"), 30): null

2019-01-19 22:07:17 - [TEST_STEP][FAILED] - executeJavaScript("arguments[0].click()", Arrays.asList(element)): executeJavaScript("arguments[0].click()", Arrays.asList(element)) FAILED.
Reason:
com.kms.katalon.core.exception.StepFailedException: Unable to execute JavaScript. (Root cause: org.openqa.selenium.StaleElementReferenceException: The element reference of <button class="close" type="button"> is stale; either the element is no longer attached to the DOM, it is not in the current frame context, or the document has been refreshed
For documentation on this error, please visit: http://seleniumhq.org/exceptions/stale_element_reference.html
Build info: version: '3.7.1', revision: '8a0099a', time: '2017-11-06T21:07:36.161Z'
System info: host: 'L32474OEU', ip: 'fe80:0:0:0:1ca0:f11b:16f4:dc99%en0', os.name: 'Mac OS X', os.arch: 'x86_64', os.version: '10.13.6', java.version: '1.8.0_181'
Driver info: com.kms.katalon.core.webui.driver.firefox.CGeckoDriver
Capabilities {acceptInsecureCerts: true, browserName: firefox, browserVersion: 59.0.2, javascriptEnabled: true, moz:accessibilityChecks: false, moz:geckodriverVersion: 0.23.0, moz:headless: false, moz:processID: 92025, moz:profile: /var/folders/j7/ct6z3rhd2kq..., moz:useNonSpecCompliantPointerOrigin: false, moz:webdriverClick: true, pageLoadStrategy: normal, platform: MAC, platformName: MAC, platformVersion: 17.7.0, proxy: Proxy(direct), rotatable: false, timeouts: {implicit: 0, pageLoad: 300000, script: 30000}}
Session ID: 9a52e3d4-086c-324c-86ea-1098d16d10ce)
	at com.kms.katalon.core.keyword.internal.KeywordMain.stepFailed(KeywordMain.groovy:36)
	at com.kms.katalon.core.webui.keyword.internal.WebUIKeywordMain.stepFailed(WebUIKeywordMain.groovy:65)
	at com.kms.katalon.core.webui.keyword.internal.WebUIKeywordMain.runKeyword(WebUIKeywordMain.groovy:27)
	at com.kms.katalon.core.webui.keyword.builtin.ExecuteJavaScriptKeyword.executeJavascript(ExecuteJavascriptKeyword.groovy:42)
	at com.kms.katalon.core.webui.keyword.builtin.ExecuteJavaScriptKeyword.execute(ExecuteJavascriptKeyword.groovy:37)
	at com.kms.katalon.core.keyword.internal.KeywordExecutor.executeKeywordForPlatform(KeywordExecutor.groovy:53)
	at com.kms.katalon.core.webui.keyword.WebUiBuiltInKeywords.executeJavaScript(WebUiBuiltInKeywords.groovy:3787)
	at com.kms.katalon.core.webui.keyword.WebUiBuiltInKeywords$executeJavaScript$10.call(Unknown Source)
	at 15 Order handling by employee.run(15 Order handling by employee:56)
	at com.kms.katalon.core.main.ScriptEngine.run(ScriptEngine.java:194)
	at com.kms.katalon.core.main.ScriptEngine.runScriptAsRawText(ScriptEngine.java:119)
	at com.kms.katalon.core.main.TestCaseExecutor.runScript(TestCaseExecutor.java:328)
	at com.kms.katalon.core.main.TestCaseExecutor.doExecute(TestCaseExecutor.java:319)
	at com.kms.katalon.core.main.TestCaseExecutor.processExecutionPhase(TestCaseExecutor.java:298)
	at com.kms.katalon.core.main.TestCaseExecutor.accessMainPhase(TestCaseExecutor.java:290)
	at com.kms.katalon.core.main.TestCaseExecutor.execute(TestCaseExecutor.java:224)
	at com.kms.katalon.core.main.TestSuiteExecutor.accessTestCaseMainPhase(TestSuiteExecutor.java:129)
	at com.kms.katalon.core.main.TestSuiteExecutor.accessTestSuiteMainPhase(TestSuiteExecutor.java:112)
	at com.kms.katalon.core.main.TestSuiteExecutor.execute(TestSuiteExecutor.java:81)
	at com.kms.katalon.core.main.TestCaseMain.startTestSuite(TestCaseMain.java:149)
	at com.kms.katalon.core.main.TestCaseMain$startTestSuite$0.call(Unknown Source)
	at TempTestSuite1547931917535.run(TempTestSuite1547931917535.groovy:36)


2019-01-19 22:07:17 - [MESSAGE][FAILED] - Unable to execute JavaScript. (Root cause: org.openqa.selenium.StaleElementReferenceException: The element reference of <button class="close" type="button"> is stale; either the element is no longer attached to the DOM, it is not in the current frame context, or the document has been refreshed
For documentation on this error, please visit: http://seleniumhq.org/exceptions/stale_element_reference.html
Build info: version: '3.7.1', revision: '8a0099a', time: '2017-11-06T21:07:36.161Z'
System info: host: 'L32474OEU', ip: 'fe80:0:0:0:1ca0:f11b:16f4:dc99%en0', os.name: 'Mac OS X', os.arch: 'x86_64', os.version: '10.13.6', java.version: '1.8.0_181'
Driver info: com.kms.katalon.core.webui.driver.firefox.CGeckoDriver
Capabilities {acceptInsecureCerts: true, browserName: firefox, browserVersion: 59.0.2, javascriptEnabled: true, moz:accessibilityChecks: false, moz:geckodriverVersion: 0.23.0, moz:headless: false, moz:processID: 92025, moz:profile: /var/folders/j7/ct6z3rhd2kq..., moz:useNonSpecCompliantPointerOrigin: false, moz:webdriverClick: true, pageLoadStrategy: normal, platform: MAC, platformName: MAC, platformVersion: 17.7.0, proxy: Proxy(direct), rotatable: false, timeouts: {implicit: 0, pageLoad: 300000, script: 30000}}
Session ID: 9a52e3d4-086c-324c-86ea-1098d16d10ce)
[[ATTACHMENT|/Users/klusm/Documents/agh/Testowanie/shop-zpw-tests/shop-zpw-tests/Reports/UI Tests Depend on Data Source/20190119_220517/1547932037410.png]]

2019-01-19 22:07:17 - [MESSAGE][FAILED] - executeJavaScript("arguments[0].click()", Arrays.asList(element)) FAILED.
Reason:
com.kms.katalon.core.exception.StepFailedException: Unable to execute JavaScript. (Root cause: org.openqa.selenium.StaleElementReferenceException: The element reference of <button class="close" type="button"> is stale; either the element is no longer attached to the DOM, it is not in the current frame context, or the document has been refreshed
For documentation on this error, please visit: http://seleniumhq.org/exceptions/stale_element_reference.html
Build info: version: '3.7.1', revision: '8a0099a', time: '2017-11-06T21:07:36.161Z'
System info: host: 'L32474OEU', ip: 'fe80:0:0:0:1ca0:f11b:16f4:dc99%en0', os.name: 'Mac OS X', os.arch: 'x86_64', os.version: '10.13.6', java.version: '1.8.0_181'
Driver info: com.kms.katalon.core.webui.driver.firefox.CGeckoDriver
Capabilities {acceptInsecureCerts: true, browserName: firefox, browserVersion: 59.0.2, javascriptEnabled: true, moz:accessibilityChecks: false, moz:geckodriverVersion: 0.23.0, moz:headless: false, moz:processID: 92025, moz:profile: /var/folders/j7/ct6z3rhd2kq..., moz:useNonSpecCompliantPointerOrigin: false, moz:webdriverClick: true, pageLoadStrategy: normal, platform: MAC, platformName: MAC, platformVersion: 17.7.0, proxy: Proxy(direct), rotatable: false, timeouts: {implicit: 0, pageLoad: 300000, script: 30000}}
Session ID: 9a52e3d4-086c-324c-86ea-1098d16d10ce)
	at com.kms.katalon.core.keyword.internal.KeywordMain.stepFailed(KeywordMain.groovy:36)
	at com.kms.katalon.core.webui.keyword.internal.WebUIKeywordMain.stepFailed(WebUIKeywordMain.groovy:65)
	at com.kms.katalon.core.webui.keyword.internal.WebUIKeywordMain.runKeyword(WebUIKeywordMain.groovy:27)
	at com.kms.katalon.core.webui.keyword.builtin.ExecuteJavaScriptKeyword.executeJavascript(ExecuteJavascriptKeyword.groovy:42)
	at com.kms.katalon.core.webui.keyword.builtin.ExecuteJavaScriptKeyword.execute(ExecuteJavascriptKeyword.groovy:37)
	at com.kms.katalon.core.keyword.internal.KeywordExecutor.executeKeywordForPlatform(KeywordExecutor.groovy:53)
	at com.kms.katalon.core.webui.keyword.WebUiBuiltInKeywords.executeJavaScript(WebUiBuiltInKeywords.groovy:3787)
	at com.kms.katalon.core.webui.keyword.WebUiBuiltInKeywords$executeJavaScript$10.call(Unknown Source)
	at 15 Order handling by employee.run(15 Order handling by employee:56)
	at com.kms.katalon.core.main.ScriptEngine.run(ScriptEngine.java:194)
	at com.kms.katalon.core.main.ScriptEngine.runScriptAsRawText(ScriptEngine.java:119)
	at com.kms.katalon.core.main.TestCaseExecutor.runScript(TestCaseExecutor.java:328)
	at com.kms.katalon.core.main.TestCaseExecutor.doExecute(TestCaseExecutor.java:319)
	at com.kms.katalon.core.main.TestCaseExecutor.processExecutionPhase(TestCaseExecutor.java:298)
	at com.kms.katalon.core.main.TestCaseExecutor.accessMainPhase(TestCaseExecutor.java:290)
	at com.kms.katalon.core.main.TestCaseExecutor.execute(TestCaseExecutor.java:224)
	at com.kms.katalon.core.main.TestSuiteExecutor.accessTestCaseMainPhase(TestSuiteExecutor.java:129)
	at com.kms.katalon.core.main.TestSuiteExecutor.accessTestSuiteMainPhase(TestSuiteExecutor.java:112)
	at com.kms.katalon.core.main.TestSuiteExecutor.execute(TestSuiteExecutor.java:81)
	at com.kms.katalon.core.main.TestCaseMain.startTestSuite(TestCaseMain.java:149)
	at com.kms.katalon.core.main.TestCaseMain$startTestSuite$0.call(Unknown Source)
	at TempTestSuite1547931917535.run(TempTestSuite1547931917535.groovy:36)]]></system-out>
         <system-err><![CDATA[2019-01-19 22:07:01 - [TEST_CASE][FAILED] - Test Cases/Web UI Tests/Orders/15 Order handling by employee: Test Cases/Web UI Tests/Orders/15 Order handling by employee FAILED.
Reason:
com.kms.katalon.core.exception.StepFailedException: Unable to execute JavaScript. (Root cause: org.openqa.selenium.StaleElementReferenceException: The element reference of <button class="close" type="button"> is stale; either the element is no longer attached to the DOM, it is not in the current frame context, or the document has been refreshed
For documentation on this error, please visit: http://seleniumhq.org/exceptions/stale_element_reference.html
Build info: version: '3.7.1', revision: '8a0099a', time: '2017-11-06T21:07:36.161Z'
System info: host: 'L32474OEU', ip: 'fe80:0:0:0:1ca0:f11b:16f4:dc99%en0', os.name: 'Mac OS X', os.arch: 'x86_64', os.version: '10.13.6', java.version: '1.8.0_181'
Driver info: com.kms.katalon.core.webui.driver.firefox.CGeckoDriver
Capabilities {acceptInsecureCerts: true, browserName: firefox, browserVersion: 59.0.2, javascriptEnabled: true, moz:accessibilityChecks: false, moz:geckodriverVersion: 0.23.0, moz:headless: false, moz:processID: 92025, moz:profile: /var/folders/j7/ct6z3rhd2kq..., moz:useNonSpecCompliantPointerOrigin: false, moz:webdriverClick: true, pageLoadStrategy: normal, platform: MAC, platformName: MAC, platformVersion: 17.7.0, proxy: Proxy(direct), rotatable: false, timeouts: {implicit: 0, pageLoad: 300000, script: 30000}}
Session ID: 9a52e3d4-086c-324c-86ea-1098d16d10ce)
	at com.kms.katalon.core.keyword.internal.KeywordMain.stepFailed(KeywordMain.groovy:36)
	at com.kms.katalon.core.webui.keyword.internal.WebUIKeywordMain.stepFailed(WebUIKeywordMain.groovy:65)
	at com.kms.katalon.core.webui.keyword.internal.WebUIKeywordMain.runKeyword(WebUIKeywordMain.groovy:27)
	at com.kms.katalon.core.webui.keyword.builtin.ExecuteJavaScriptKeyword.executeJavascript(ExecuteJavascriptKeyword.groovy:42)
	at com.kms.katalon.core.webui.keyword.builtin.ExecuteJavaScriptKeyword.execute(ExecuteJavascriptKeyword.groovy:37)
	at com.kms.katalon.core.keyword.internal.KeywordExecutor.executeKeywordForPlatform(KeywordExecutor.groovy:53)
	at com.kms.katalon.core.webui.keyword.WebUiBuiltInKeywords.executeJavaScript(WebUiBuiltInKeywords.groovy:3787)
	at com.kms.katalon.core.webui.keyword.WebUiBuiltInKeywords$executeJavaScript$10.call(Unknown Source)
	at 15 Order handling by employee.run(15 Order handling by employee:56)
	at com.kms.katalon.core.main.ScriptEngine.run(ScriptEngine.java:194)
	at com.kms.katalon.core.main.ScriptEngine.runScriptAsRawText(ScriptEngine.java:119)
	at com.kms.katalon.core.main.TestCaseExecutor.runScript(TestCaseExecutor.java:328)
	at com.kms.katalon.core.main.TestCaseExecutor.doExecute(TestCaseExecutor.java:319)
	at com.kms.katalon.core.main.TestCaseExecutor.processExecutionPhase(TestCaseExecutor.java:298)
	at com.kms.katalon.core.main.TestCaseExecutor.accessMainPhase(TestCaseExecutor.java:290)
	at com.kms.katalon.core.main.TestCaseExecutor.execute(TestCaseExecutor.java:224)
	at com.kms.katalon.core.main.TestSuiteExecutor.accessTestCaseMainPhase(TestSuiteExecutor.java:129)
	at com.kms.katalon.core.main.TestSuiteExecutor.accessTestSuiteMainPhase(TestSuiteExecutor.java:112)
	at com.kms.katalon.core.main.TestSuiteExecutor.execute(TestSuiteExecutor.java:81)
	at com.kms.katalon.core.main.TestCaseMain.startTestSuite(TestCaseMain.java:149)
	at com.kms.katalon.core.main.TestCaseMain$startTestSuite$0.call(Unknown Source)
	at TempTestSuite1547931917535.run(TempTestSuite1547931917535.groovy:36)]]></system-err>
      </testcase>
      <testcase name="Test Cases/Web UI Tests/Products/16 Add new product" classname="Test Cases/Web UI Tests/Products/16 Add new product" status="PASSED">
         <system-out><![CDATA[2019-01-19 22:07:17 - [TEST_CASE][PASSED] - Test Cases/Web UI Tests/Products/16 Add new product: Test Cases/Web UI Tests/Products/16 Add new product

2019-01-19 22:07:17 - [TEST_STEP][PASSED] - openBrowser(""): Browser is opened with url: ''

2019-01-19 22:07:17 - [MESSAGE][WARNING] - A browser is already opened. Closing browser and opening a new one

2019-01-19 22:07:18 - [MESSAGE][INFO] - Starting 'Firefox' driver

2019-01-19 22:07:20 - [MESSAGE][PASSED] - Browser is opened with url: ''

2019-01-19 22:07:20 - [TEST_STEP][PASSED] - navigateToUrl("https://hidden-meadow-13855.herokuapp.com/"): Navigate to 'https://hidden-meadow-13855.herokuapp.com/' successfully

2019-01-19 22:07:30 - [MESSAGE][PASSED] - Navigate to 'https://hidden-meadow-13855.herokuapp.com/' successfully

2019-01-19 22:07:30 - [TEST_STEP][PASSED] - setText(findTestObject("Page_Shop ZPW/input_Email_email"), "admin@shop.com"): Text 'admin@shop.com' is set on object 'Object Repository/Page_Shop ZPW/input_Email_email'

2019-01-19 22:07:31 - [MESSAGE][PASSED] - Text 'admin@shop.com' is set on object 'Object Repository/Page_Shop ZPW/input_Email_email'

2019-01-19 22:07:31 - [TEST_STEP][PASSED] - setEncryptedText(findTestObject("Page_Shop ZPW/input_Password_password"), "8SQVv/p9jVScEs4/2CZsLw=="): Text ****** has been set on object 'Object Repository/Page_Shop ZPW/input_Password_password'

2019-01-19 22:07:31 - [MESSAGE][PASSED] - Text ****** has been set on object 'Object Repository/Page_Shop ZPW/input_Password_password'

2019-01-19 22:07:31 - [TEST_STEP][PASSED] - click(findTestObject("Page_Shop ZPW/button_Login")): Object: 'Object Repository/Page_Shop ZPW/button_Login' is clicked on

2019-01-19 22:07:31 - [MESSAGE][PASSED] - Object: 'Object Repository/Page_Shop ZPW/button_Login' is clicked on

2019-01-19 22:07:31 - [TEST_STEP][PASSED] - delay(2): Delayed 2 second(s)

2019-01-19 22:07:33 - [MESSAGE][PASSED] - Delayed 2 second(s)

2019-01-19 22:07:33 - [TEST_STEP][PASSED] - click(findTestObject("Page_Shop ZPW/a_Administrator Panel")): Object: 'Object Repository/Page_Shop ZPW/a_Administrator Panel' is clicked on

2019-01-19 22:07:33 - [MESSAGE][PASSED] - Object: 'Object Repository/Page_Shop ZPW/a_Administrator Panel' is clicked on

2019-01-19 22:07:33 - [TEST_STEP][PASSED] - click(findTestObject("Page_Shop ZPW/a_New Product")): Object: 'Object Repository/Page_Shop ZPW/a_New Product' is clicked on

2019-01-19 22:07:34 - [MESSAGE][PASSED] - Object: 'Object Repository/Page_Shop ZPW/a_New Product' is clicked on

2019-01-19 22:07:34 - [TEST_STEP][PASSED] - setText(findTestObject("Page_Shop ZPW/input_Name_name"), "Test"): Text 'Test' is set on object 'Object Repository/Page_Shop ZPW/input_Name_name'

2019-01-19 22:07:34 - [MESSAGE][PASSED] - Text 'Test' is set on object 'Object Repository/Page_Shop ZPW/input_Name_name'

2019-01-19 22:07:34 - [TEST_STEP][PASSED] - setText(findTestObject("Page_Shop ZPW/input_Price_price"), "5"): Text '5' is set on object 'Object Repository/Page_Shop ZPW/input_Price_price'

2019-01-19 22:07:34 - [MESSAGE][PASSED] - Text '5' is set on object 'Object Repository/Page_Shop ZPW/input_Price_price'

2019-01-19 22:07:34 - [TEST_STEP][PASSED] - setText(findTestObject("Page_Shop ZPW/input_Quantity_quantity"), "1000"): Text '1000' is set on object 'Object Repository/Page_Shop ZPW/input_Quantity_quantity'

2019-01-19 22:07:34 - [MESSAGE][PASSED] - Text '1000' is set on object 'Object Repository/Page_Shop ZPW/input_Quantity_quantity'

2019-01-19 22:07:34 - [TEST_STEP][PASSED] - setText(findTestObject("Page_Shop ZPW/input_Description_desc"), "opis"): Text 'opis' is set on object 'Object Repository/Page_Shop ZPW/input_Description_desc'

2019-01-19 22:07:34 - [MESSAGE][PASSED] - Text 'opis' is set on object 'Object Repository/Page_Shop ZPW/input_Description_desc'

2019-01-19 22:07:34 - [TEST_STEP][PASSED] - click(findTestObject("Page_Shop ZPW/button_Add product")): Object: 'Object Repository/Page_Shop ZPW/button_Add product' is clicked on

2019-01-19 22:07:34 - [MESSAGE][PASSED] - Object: 'Object Repository/Page_Shop ZPW/button_Add product' is clicked on

2019-01-19 22:07:34 - [TEST_STEP][PASSED] - click(findTestObject("Page_Shop ZPW/a_Products")): Object: 'Object Repository/Page_Shop ZPW/a_Products' is clicked on

2019-01-19 22:07:34 - [MESSAGE][PASSED] - Object: 'Object Repository/Page_Shop ZPW/a_Products' is clicked on

2019-01-19 22:07:34 - [TEST_STEP][PASSED] - verifyElementPresent(findTestObject("Page_Shop ZPW/td_Test"), 2): Object 'Object Repository/Page_Shop ZPW/td_Test' is present

2019-01-19 22:07:34 - [MESSAGE][PASSED] - Object 'Object Repository/Page_Shop ZPW/td_Test' is present

2019-01-19 22:07:34 - [TEST_STEP][PASSED] - click(findTestObject("Page_Shop ZPW/button_Logout")): Object: 'Object Repository/Page_Shop ZPW/button_Logout' is clicked on

2019-01-19 22:07:35 - [MESSAGE][PASSED] - Object: 'Object Repository/Page_Shop ZPW/button_Logout' is clicked on

2019-01-19 22:07:35 - [TEST_STEP][PASSED] - closeBrowser(): Browser is closed

2019-01-19 22:07:35 - [MESSAGE][PASSED] - Browser is closed]]></system-out>
         <system-err><![CDATA[]]></system-err>
      </testcase>
      <testcase name="Test Cases/Web UI Tests/Products/17 Add product discount" classname="Test Cases/Web UI Tests/Products/17 Add product discount" status="FAILED">
         <failure type="FAILED" message="Test Cases/Web UI Tests/Products/17 Add product discount FAILED.
Reason:
com.kms.katalon.core.exception.StepFailedException: Unable to click on object 'Object Repository/Page_Shop ZPW/a_Products (1)' (Root cause: com.kms.katalon.core.webui.exception.WebElementNotFoundException: Web element with id: 'Object Repository/Page_Shop ZPW/a_Products (1)' located by 'By.xpath: //div[@id='navbarLeftResponsive']/ul/li[2]/a' not found)
	at com.kms.katalon.core.keyword.internal.KeywordMain.stepFailed(KeywordMain.groovy:36)
	at com.kms.katalon.core.webui.keyword.internal.WebUIKeywordMain.stepFailed(WebUIKeywordMain.groovy:65)
	at com.kms.katalon.core.webui.keyword.internal.WebUIKeywordMain.runKeyword(WebUIKeywordMain.groovy:27)
	at com.kms.katalon.core.webui.keyword.builtin.ClickKeyword.click(ClickKeyword.groovy:86)
	at com.kms.katalon.core.webui.keyword.builtin.ClickKeyword.execute(ClickKeyword.groovy:67)
	at com.kms.katalon.core.keyword.internal.KeywordExecutor.executeKeywordForPlatform(KeywordExecutor.groovy:53)
	at com.kms.katalon.core.webui.keyword.WebUiBuiltInKeywords.click(WebUiBuiltInKeywords.groovy:616)
	at com.kms.katalon.core.webui.keyword.WebUiBuiltInKeywords$click$3.call(Unknown Source)
	at 17 Add product discount.run(17 Add product discount:28)
	at com.kms.katalon.core.main.ScriptEngine.run(ScriptEngine.java:194)
	at com.kms.katalon.core.main.ScriptEngine.runScriptAsRawText(ScriptEngine.java:119)
	at com.kms.katalon.core.main.TestCaseExecutor.runScript(TestCaseExecutor.java:328)
	at com.kms.katalon.core.main.TestCaseExecutor.doExecute(TestCaseExecutor.java:319)
	at com.kms.katalon.core.main.TestCaseExecutor.processExecutionPhase(TestCaseExecutor.java:298)
	at com.kms.katalon.core.main.TestCaseExecutor.accessMainPhase(TestCaseExecutor.java:290)
	at com.kms.katalon.core.main.TestCaseExecutor.execute(TestCaseExecutor.java:224)
	at com.kms.katalon.core.main.TestSuiteExecutor.accessTestCaseMainPhase(TestSuiteExecutor.java:129)
	at com.kms.katalon.core.main.TestSuiteExecutor.accessTestSuiteMainPhase(TestSuiteExecutor.java:112)
	at com.kms.katalon.core.main.TestSuiteExecutor.execute(TestSuiteExecutor.java:81)
	at com.kms.katalon.core.main.TestCaseMain.startTestSuite(TestCaseMain.java:149)
	at com.kms.katalon.core.main.TestCaseMain$startTestSuite$0.call(Unknown Source)
	at TempTestSuite1547931917535.run(TempTestSuite1547931917535.groovy:36)
"/>
         <system-out><![CDATA[2019-01-19 22:07:35 - [TEST_CASE][FAILED] - Test Cases/Web UI Tests/Products/17 Add product discount: Test Cases/Web UI Tests/Products/17 Add product discount FAILED.
Reason:
com.kms.katalon.core.exception.StepFailedException: Unable to click on object 'Object Repository/Page_Shop ZPW/a_Products (1)' (Root cause: com.kms.katalon.core.webui.exception.WebElementNotFoundException: Web element with id: 'Object Repository/Page_Shop ZPW/a_Products (1)' located by 'By.xpath: //div[@id='navbarLeftResponsive']/ul/li[2]/a' not found)
	at com.kms.katalon.core.keyword.internal.KeywordMain.stepFailed(KeywordMain.groovy:36)
	at com.kms.katalon.core.webui.keyword.internal.WebUIKeywordMain.stepFailed(WebUIKeywordMain.groovy:65)
	at com.kms.katalon.core.webui.keyword.internal.WebUIKeywordMain.runKeyword(WebUIKeywordMain.groovy:27)
	at com.kms.katalon.core.webui.keyword.builtin.ClickKeyword.click(ClickKeyword.groovy:86)
	at com.kms.katalon.core.webui.keyword.builtin.ClickKeyword.execute(ClickKeyword.groovy:67)
	at com.kms.katalon.core.keyword.internal.KeywordExecutor.executeKeywordForPlatform(KeywordExecutor.groovy:53)
	at com.kms.katalon.core.webui.keyword.WebUiBuiltInKeywords.click(WebUiBuiltInKeywords.groovy:616)
	at com.kms.katalon.core.webui.keyword.WebUiBuiltInKeywords$click$3.call(Unknown Source)
	at 17 Add product discount.run(17 Add product discount:28)
	at com.kms.katalon.core.main.ScriptEngine.run(ScriptEngine.java:194)
	at com.kms.katalon.core.main.ScriptEngine.runScriptAsRawText(ScriptEngine.java:119)
	at com.kms.katalon.core.main.TestCaseExecutor.runScript(TestCaseExecutor.java:328)
	at com.kms.katalon.core.main.TestCaseExecutor.doExecute(TestCaseExecutor.java:319)
	at com.kms.katalon.core.main.TestCaseExecutor.processExecutionPhase(TestCaseExecutor.java:298)
	at com.kms.katalon.core.main.TestCaseExecutor.accessMainPhase(TestCaseExecutor.java:290)
	at com.kms.katalon.core.main.TestCaseExecutor.execute(TestCaseExecutor.java:224)
	at com.kms.katalon.core.main.TestSuiteExecutor.accessTestCaseMainPhase(TestSuiteExecutor.java:129)
	at com.kms.katalon.core.main.TestSuiteExecutor.accessTestSuiteMainPhase(TestSuiteExecutor.java:112)
	at com.kms.katalon.core.main.TestSuiteExecutor.execute(TestSuiteExecutor.java:81)
	at com.kms.katalon.core.main.TestCaseMain.startTestSuite(TestCaseMain.java:149)
	at com.kms.katalon.core.main.TestCaseMain$startTestSuite$0.call(Unknown Source)
	at TempTestSuite1547931917535.run(TempTestSuite1547931917535.groovy:36)


2019-01-19 22:07:35 - [TEST_STEP][PASSED] - openBrowser(""): Browser is opened with url: ''

2019-01-19 22:07:35 - [MESSAGE][INFO] - Starting 'Firefox' driver

2019-01-19 22:07:37 - [MESSAGE][PASSED] - Browser is opened with url: ''

2019-01-19 22:07:37 - [TEST_STEP][PASSED] - navigateToUrl("https://hidden-meadow-13855.herokuapp.com/"): Navigate to 'https://hidden-meadow-13855.herokuapp.com/' successfully

2019-01-19 22:07:44 - [MESSAGE][PASSED] - Navigate to 'https://hidden-meadow-13855.herokuapp.com/' successfully

2019-01-19 22:07:44 - [TEST_STEP][PASSED] - setText(findTestObject("Object Repository/Page_Shop ZPW/input_Email_email (8)"), "admin@shop.com"): Text 'admin@shop.com' is set on object 'Object Repository/Page_Shop ZPW/input_Email_email (8)'

2019-01-19 22:07:45 - [MESSAGE][PASSED] - Text 'admin@shop.com' is set on object 'Object Repository/Page_Shop ZPW/input_Email_email (8)'

2019-01-19 22:07:45 - [TEST_STEP][PASSED] - setEncryptedText(findTestObject("Object Repository/Page_Shop ZPW/input_Password_password (8)"), "8SQVv/p9jVScEs4/2CZsLw=="): Text ****** has been set on object 'Object Repository/Page_Shop ZPW/input_Password_password (8)'

2019-01-19 22:07:45 - [MESSAGE][PASSED] - Text ****** has been set on object 'Object Repository/Page_Shop ZPW/input_Password_password (8)'

2019-01-19 22:07:45 - [TEST_STEP][PASSED] - click(findTestObject("Object Repository/Page_Shop ZPW/button_Login (6)")): Object: 'Object Repository/Page_Shop ZPW/button_Login (6)' is clicked on

2019-01-19 22:07:46 - [MESSAGE][PASSED] - Object: 'Object Repository/Page_Shop ZPW/button_Login (6)' is clicked on

2019-01-19 22:07:46 - [TEST_STEP][PASSED] - click(findTestObject("Object Repository/Page_Shop ZPW/a_Administrator Panel (3)")): Object: 'Object Repository/Page_Shop ZPW/a_Administrator Panel (3)' is clicked on

2019-01-19 22:07:48 - [MESSAGE][PASSED] - Object: 'Object Repository/Page_Shop ZPW/a_Administrator Panel (3)' is clicked on

2019-01-19 22:07:48 - [TEST_STEP][FAILED] - click(findTestObject("Object Repository/Page_Shop ZPW/a_Products (1)")): click(findTestObject("Object Repository/Page_Shop ZPW/a_Products (1)")) FAILED.
Reason:
com.kms.katalon.core.exception.StepFailedException: Unable to click on object 'Object Repository/Page_Shop ZPW/a_Products (1)' (Root cause: com.kms.katalon.core.webui.exception.WebElementNotFoundException: Web element with id: 'Object Repository/Page_Shop ZPW/a_Products (1)' located by 'By.xpath: //div[@id='navbarLeftResponsive']/ul/li[2]/a' not found)
	at com.kms.katalon.core.keyword.internal.KeywordMain.stepFailed(KeywordMain.groovy:36)
	at com.kms.katalon.core.webui.keyword.internal.WebUIKeywordMain.stepFailed(WebUIKeywordMain.groovy:65)
	at com.kms.katalon.core.webui.keyword.internal.WebUIKeywordMain.runKeyword(WebUIKeywordMain.groovy:27)
	at com.kms.katalon.core.webui.keyword.builtin.ClickKeyword.click(ClickKeyword.groovy:86)
	at com.kms.katalon.core.webui.keyword.builtin.ClickKeyword.execute(ClickKeyword.groovy:67)
	at com.kms.katalon.core.keyword.internal.KeywordExecutor.executeKeywordForPlatform(KeywordExecutor.groovy:53)
	at com.kms.katalon.core.webui.keyword.WebUiBuiltInKeywords.click(WebUiBuiltInKeywords.groovy:616)
	at com.kms.katalon.core.webui.keyword.WebUiBuiltInKeywords$click$3.call(Unknown Source)
	at 17 Add product discount.run(17 Add product discount:28)
	at com.kms.katalon.core.main.ScriptEngine.run(ScriptEngine.java:194)
	at com.kms.katalon.core.main.ScriptEngine.runScriptAsRawText(ScriptEngine.java:119)
	at com.kms.katalon.core.main.TestCaseExecutor.runScript(TestCaseExecutor.java:328)
	at com.kms.katalon.core.main.TestCaseExecutor.doExecute(TestCaseExecutor.java:319)
	at com.kms.katalon.core.main.TestCaseExecutor.processExecutionPhase(TestCaseExecutor.java:298)
	at com.kms.katalon.core.main.TestCaseExecutor.accessMainPhase(TestCaseExecutor.java:290)
	at com.kms.katalon.core.main.TestCaseExecutor.execute(TestCaseExecutor.java:224)
	at com.kms.katalon.core.main.TestSuiteExecutor.accessTestCaseMainPhase(TestSuiteExecutor.java:129)
	at com.kms.katalon.core.main.TestSuiteExecutor.accessTestSuiteMainPhase(TestSuiteExecutor.java:112)
	at com.kms.katalon.core.main.TestSuiteExecutor.execute(TestSuiteExecutor.java:81)
	at com.kms.katalon.core.main.TestCaseMain.startTestSuite(TestCaseMain.java:149)
	at com.kms.katalon.core.main.TestCaseMain$startTestSuite$0.call(Unknown Source)
	at TempTestSuite1547931917535.run(TempTestSuite1547931917535.groovy:36)


2019-01-19 22:08:19 - [MESSAGE][INFO] - Unable to find the element located by 'By.xpath: //div[@id='navbarLeftResponsive']/ul/li[2]/a'. Please recheck the objects properties to make sure the desired element is located. 

2019-01-19 22:08:19 - [MESSAGE][FAILED] - Unable to click on object 'Object Repository/Page_Shop ZPW/a_Products (1)' (Root cause: com.kms.katalon.core.webui.exception.WebElementNotFoundException: Web element with id: 'Object Repository/Page_Shop ZPW/a_Products (1)' located by 'By.xpath: //div[@id='navbarLeftResponsive']/ul/li[2]/a' not found)
[[ATTACHMENT|/Users/klusm/Documents/agh/Testowanie/shop-zpw-tests/shop-zpw-tests/Reports/UI Tests Depend on Data Source/20190119_220517/1547932099206.png]]

2019-01-19 22:08:19 - [MESSAGE][FAILED] - click(findTestObject("Object Repository/Page_Shop ZPW/a_Products (1)")) FAILED.
Reason:
com.kms.katalon.core.exception.StepFailedException: Unable to click on object 'Object Repository/Page_Shop ZPW/a_Products (1)' (Root cause: com.kms.katalon.core.webui.exception.WebElementNotFoundException: Web element with id: 'Object Repository/Page_Shop ZPW/a_Products (1)' located by 'By.xpath: //div[@id='navbarLeftResponsive']/ul/li[2]/a' not found)
	at com.kms.katalon.core.keyword.internal.KeywordMain.stepFailed(KeywordMain.groovy:36)
	at com.kms.katalon.core.webui.keyword.internal.WebUIKeywordMain.stepFailed(WebUIKeywordMain.groovy:65)
	at com.kms.katalon.core.webui.keyword.internal.WebUIKeywordMain.runKeyword(WebUIKeywordMain.groovy:27)
	at com.kms.katalon.core.webui.keyword.builtin.ClickKeyword.click(ClickKeyword.groovy:86)
	at com.kms.katalon.core.webui.keyword.builtin.ClickKeyword.execute(ClickKeyword.groovy:67)
	at com.kms.katalon.core.keyword.internal.KeywordExecutor.executeKeywordForPlatform(KeywordExecutor.groovy:53)
	at com.kms.katalon.core.webui.keyword.WebUiBuiltInKeywords.click(WebUiBuiltInKeywords.groovy:616)
	at com.kms.katalon.core.webui.keyword.WebUiBuiltInKeywords$click$3.call(Unknown Source)
	at 17 Add product discount.run(17 Add product discount:28)
	at com.kms.katalon.core.main.ScriptEngine.run(ScriptEngine.java:194)
	at com.kms.katalon.core.main.ScriptEngine.runScriptAsRawText(ScriptEngine.java:119)
	at com.kms.katalon.core.main.TestCaseExecutor.runScript(TestCaseExecutor.java:328)
	at com.kms.katalon.core.main.TestCaseExecutor.doExecute(TestCaseExecutor.java:319)
	at com.kms.katalon.core.main.TestCaseExecutor.processExecutionPhase(TestCaseExecutor.java:298)
	at com.kms.katalon.core.main.TestCaseExecutor.accessMainPhase(TestCaseExecutor.java:290)
	at com.kms.katalon.core.main.TestCaseExecutor.execute(TestCaseExecutor.java:224)
	at com.kms.katalon.core.main.TestSuiteExecutor.accessTestCaseMainPhase(TestSuiteExecutor.java:129)
	at com.kms.katalon.core.main.TestSuiteExecutor.accessTestSuiteMainPhase(TestSuiteExecutor.java:112)
	at com.kms.katalon.core.main.TestSuiteExecutor.execute(TestSuiteExecutor.java:81)
	at com.kms.katalon.core.main.TestCaseMain.startTestSuite(TestCaseMain.java:149)
	at com.kms.katalon.core.main.TestCaseMain$startTestSuite$0.call(Unknown Source)
	at TempTestSuite1547931917535.run(TempTestSuite1547931917535.groovy:36)]]></system-out>
         <system-err><![CDATA[2019-01-19 22:07:35 - [TEST_CASE][FAILED] - Test Cases/Web UI Tests/Products/17 Add product discount: Test Cases/Web UI Tests/Products/17 Add product discount FAILED.
Reason:
com.kms.katalon.core.exception.StepFailedException: Unable to click on object 'Object Repository/Page_Shop ZPW/a_Products (1)' (Root cause: com.kms.katalon.core.webui.exception.WebElementNotFoundException: Web element with id: 'Object Repository/Page_Shop ZPW/a_Products (1)' located by 'By.xpath: //div[@id='navbarLeftResponsive']/ul/li[2]/a' not found)
	at com.kms.katalon.core.keyword.internal.KeywordMain.stepFailed(KeywordMain.groovy:36)
	at com.kms.katalon.core.webui.keyword.internal.WebUIKeywordMain.stepFailed(WebUIKeywordMain.groovy:65)
	at com.kms.katalon.core.webui.keyword.internal.WebUIKeywordMain.runKeyword(WebUIKeywordMain.groovy:27)
	at com.kms.katalon.core.webui.keyword.builtin.ClickKeyword.click(ClickKeyword.groovy:86)
	at com.kms.katalon.core.webui.keyword.builtin.ClickKeyword.execute(ClickKeyword.groovy:67)
	at com.kms.katalon.core.keyword.internal.KeywordExecutor.executeKeywordForPlatform(KeywordExecutor.groovy:53)
	at com.kms.katalon.core.webui.keyword.WebUiBuiltInKeywords.click(WebUiBuiltInKeywords.groovy:616)
	at com.kms.katalon.core.webui.keyword.WebUiBuiltInKeywords$click$3.call(Unknown Source)
	at 17 Add product discount.run(17 Add product discount:28)
	at com.kms.katalon.core.main.ScriptEngine.run(ScriptEngine.java:194)
	at com.kms.katalon.core.main.ScriptEngine.runScriptAsRawText(ScriptEngine.java:119)
	at com.kms.katalon.core.main.TestCaseExecutor.runScript(TestCaseExecutor.java:328)
	at com.kms.katalon.core.main.TestCaseExecutor.doExecute(TestCaseExecutor.java:319)
	at com.kms.katalon.core.main.TestCaseExecutor.processExecutionPhase(TestCaseExecutor.java:298)
	at com.kms.katalon.core.main.TestCaseExecutor.accessMainPhase(TestCaseExecutor.java:290)
	at com.kms.katalon.core.main.TestCaseExecutor.execute(TestCaseExecutor.java:224)
	at com.kms.katalon.core.main.TestSuiteExecutor.accessTestCaseMainPhase(TestSuiteExecutor.java:129)
	at com.kms.katalon.core.main.TestSuiteExecutor.accessTestSuiteMainPhase(TestSuiteExecutor.java:112)
	at com.kms.katalon.core.main.TestSuiteExecutor.execute(TestSuiteExecutor.java:81)
	at com.kms.katalon.core.main.TestCaseMain.startTestSuite(TestCaseMain.java:149)
	at com.kms.katalon.core.main.TestCaseMain$startTestSuite$0.call(Unknown Source)
	at TempTestSuite1547931917535.run(TempTestSuite1547931917535.groovy:36)]]></system-err>
      </testcase>
      <testcase name="Test Cases/Web UI Tests/Products/18 Edit product" classname="Test Cases/Web UI Tests/Products/18 Edit product" status="FAILED">
         <failure type="FAILED" message="Test Cases/Web UI Tests/Products/18 Edit product FAILED.
Reason:
com.kms.katalon.core.exception.StepFailedException: Unable to click on object 'Object Repository/Page_Shop ZPW/a_Products (2)' (Root cause: com.kms.katalon.core.webui.exception.WebElementNotFoundException: Web element with id: 'Object Repository/Page_Shop ZPW/a_Products (2)' located by 'By.xpath: //div[@id='navbarLeftResponsive']/ul/li[2]/a' not found)
	at com.kms.katalon.core.keyword.internal.KeywordMain.stepFailed(KeywordMain.groovy:36)
	at com.kms.katalon.core.webui.keyword.internal.WebUIKeywordMain.stepFailed(WebUIKeywordMain.groovy:65)
	at com.kms.katalon.core.webui.keyword.internal.WebUIKeywordMain.runKeyword(WebUIKeywordMain.groovy:27)
	at com.kms.katalon.core.webui.keyword.builtin.ClickKeyword.click(ClickKeyword.groovy:86)
	at com.kms.katalon.core.webui.keyword.builtin.ClickKeyword.execute(ClickKeyword.groovy:67)
	at com.kms.katalon.core.keyword.internal.KeywordExecutor.executeKeywordForPlatform(KeywordExecutor.groovy:53)
	at com.kms.katalon.core.webui.keyword.WebUiBuiltInKeywords.click(WebUiBuiltInKeywords.groovy:616)
	at com.kms.katalon.core.webui.keyword.WebUiBuiltInKeywords$click$3.call(Unknown Source)
	at 18 Edit product.run(18 Edit product:28)
	at com.kms.katalon.core.main.ScriptEngine.run(ScriptEngine.java:194)
	at com.kms.katalon.core.main.ScriptEngine.runScriptAsRawText(ScriptEngine.java:119)
	at com.kms.katalon.core.main.TestCaseExecutor.runScript(TestCaseExecutor.java:328)
	at com.kms.katalon.core.main.TestCaseExecutor.doExecute(TestCaseExecutor.java:319)
	at com.kms.katalon.core.main.TestCaseExecutor.processExecutionPhase(TestCaseExecutor.java:298)
	at com.kms.katalon.core.main.TestCaseExecutor.accessMainPhase(TestCaseExecutor.java:290)
	at com.kms.katalon.core.main.TestCaseExecutor.execute(TestCaseExecutor.java:224)
	at com.kms.katalon.core.main.TestSuiteExecutor.accessTestCaseMainPhase(TestSuiteExecutor.java:129)
	at com.kms.katalon.core.main.TestSuiteExecutor.accessTestSuiteMainPhase(TestSuiteExecutor.java:112)
	at com.kms.katalon.core.main.TestSuiteExecutor.execute(TestSuiteExecutor.java:81)
	at com.kms.katalon.core.main.TestCaseMain.startTestSuite(TestCaseMain.java:149)
	at com.kms.katalon.core.main.TestCaseMain$startTestSuite$0.call(Unknown Source)
	at TempTestSuite1547931917535.run(TempTestSuite1547931917535.groovy:36)
"/>
         <system-out><![CDATA[2019-01-19 22:08:19 - [TEST_CASE][FAILED] - Test Cases/Web UI Tests/Products/18 Edit product: Test Cases/Web UI Tests/Products/18 Edit product FAILED.
Reason:
com.kms.katalon.core.exception.StepFailedException: Unable to click on object 'Object Repository/Page_Shop ZPW/a_Products (2)' (Root cause: com.kms.katalon.core.webui.exception.WebElementNotFoundException: Web element with id: 'Object Repository/Page_Shop ZPW/a_Products (2)' located by 'By.xpath: //div[@id='navbarLeftResponsive']/ul/li[2]/a' not found)
	at com.kms.katalon.core.keyword.internal.KeywordMain.stepFailed(KeywordMain.groovy:36)
	at com.kms.katalon.core.webui.keyword.internal.WebUIKeywordMain.stepFailed(WebUIKeywordMain.groovy:65)
	at com.kms.katalon.core.webui.keyword.internal.WebUIKeywordMain.runKeyword(WebUIKeywordMain.groovy:27)
	at com.kms.katalon.core.webui.keyword.builtin.ClickKeyword.click(ClickKeyword.groovy:86)
	at com.kms.katalon.core.webui.keyword.builtin.ClickKeyword.execute(ClickKeyword.groovy:67)
	at com.kms.katalon.core.keyword.internal.KeywordExecutor.executeKeywordForPlatform(KeywordExecutor.groovy:53)
	at com.kms.katalon.core.webui.keyword.WebUiBuiltInKeywords.click(WebUiBuiltInKeywords.groovy:616)
	at com.kms.katalon.core.webui.keyword.WebUiBuiltInKeywords$click$3.call(Unknown Source)
	at 18 Edit product.run(18 Edit product:28)
	at com.kms.katalon.core.main.ScriptEngine.run(ScriptEngine.java:194)
	at com.kms.katalon.core.main.ScriptEngine.runScriptAsRawText(ScriptEngine.java:119)
	at com.kms.katalon.core.main.TestCaseExecutor.runScript(TestCaseExecutor.java:328)
	at com.kms.katalon.core.main.TestCaseExecutor.doExecute(TestCaseExecutor.java:319)
	at com.kms.katalon.core.main.TestCaseExecutor.processExecutionPhase(TestCaseExecutor.java:298)
	at com.kms.katalon.core.main.TestCaseExecutor.accessMainPhase(TestCaseExecutor.java:290)
	at com.kms.katalon.core.main.TestCaseExecutor.execute(TestCaseExecutor.java:224)
	at com.kms.katalon.core.main.TestSuiteExecutor.accessTestCaseMainPhase(TestSuiteExecutor.java:129)
	at com.kms.katalon.core.main.TestSuiteExecutor.accessTestSuiteMainPhase(TestSuiteExecutor.java:112)
	at com.kms.katalon.core.main.TestSuiteExecutor.execute(TestSuiteExecutor.java:81)
	at com.kms.katalon.core.main.TestCaseMain.startTestSuite(TestCaseMain.java:149)
	at com.kms.katalon.core.main.TestCaseMain$startTestSuite$0.call(Unknown Source)
	at TempTestSuite1547931917535.run(TempTestSuite1547931917535.groovy:36)


2019-01-19 22:08:19 - [TEST_STEP][PASSED] - openBrowser(""): Browser is opened with url: ''

2019-01-19 22:08:19 - [MESSAGE][WARNING] - A browser is already opened. Closing browser and opening a new one

2019-01-19 22:08:20 - [MESSAGE][INFO] - Starting 'Firefox' driver

2019-01-19 22:08:23 - [MESSAGE][PASSED] - Browser is opened with url: ''

2019-01-19 22:08:23 - [TEST_STEP][PASSED] - navigateToUrl("https://hidden-meadow-13855.herokuapp.com/"): Navigate to 'https://hidden-meadow-13855.herokuapp.com/' successfully

2019-01-19 22:08:32 - [MESSAGE][PASSED] - Navigate to 'https://hidden-meadow-13855.herokuapp.com/' successfully

2019-01-19 22:08:32 - [TEST_STEP][PASSED] - setText(findTestObject("Page_Shop ZPW/input_Email_email (9)"), "admin@shop.com"): Text 'admin@shop.com' is set on object 'Object Repository/Page_Shop ZPW/input_Email_email (9)'

2019-01-19 22:08:33 - [MESSAGE][PASSED] - Text 'admin@shop.com' is set on object 'Object Repository/Page_Shop ZPW/input_Email_email (9)'

2019-01-19 22:08:33 - [TEST_STEP][PASSED] - setEncryptedText(findTestObject("Page_Shop ZPW/input_Password_password (9)"), "8SQVv/p9jVScEs4/2CZsLw=="): Text ****** has been set on object 'Object Repository/Page_Shop ZPW/input_Password_password (9)'

2019-01-19 22:08:33 - [MESSAGE][PASSED] - Text ****** has been set on object 'Object Repository/Page_Shop ZPW/input_Password_password (9)'

2019-01-19 22:08:33 - [TEST_STEP][PASSED] - click(findTestObject("Page_Shop ZPW/button_Login (7)")): Object: 'Object Repository/Page_Shop ZPW/button_Login (7)' is clicked on

2019-01-19 22:08:34 - [MESSAGE][PASSED] - Object: 'Object Repository/Page_Shop ZPW/button_Login (7)' is clicked on

2019-01-19 22:08:34 - [TEST_STEP][PASSED] - click(findTestObject("Page_Shop ZPW/a_Administrator Panel (4)")): Object: 'Object Repository/Page_Shop ZPW/a_Administrator Panel (4)' is clicked on

2019-01-19 22:08:35 - [MESSAGE][PASSED] - Object: 'Object Repository/Page_Shop ZPW/a_Administrator Panel (4)' is clicked on

2019-01-19 22:08:35 - [TEST_STEP][FAILED] - click(findTestObject("Page_Shop ZPW/a_Products (2)")): click(findTestObject("Page_Shop ZPW/a_Products (2)")) FAILED.
Reason:
com.kms.katalon.core.exception.StepFailedException: Unable to click on object 'Object Repository/Page_Shop ZPW/a_Products (2)' (Root cause: com.kms.katalon.core.webui.exception.WebElementNotFoundException: Web element with id: 'Object Repository/Page_Shop ZPW/a_Products (2)' located by 'By.xpath: //div[@id='navbarLeftResponsive']/ul/li[2]/a' not found)
	at com.kms.katalon.core.keyword.internal.KeywordMain.stepFailed(KeywordMain.groovy:36)
	at com.kms.katalon.core.webui.keyword.internal.WebUIKeywordMain.stepFailed(WebUIKeywordMain.groovy:65)
	at com.kms.katalon.core.webui.keyword.internal.WebUIKeywordMain.runKeyword(WebUIKeywordMain.groovy:27)
	at com.kms.katalon.core.webui.keyword.builtin.ClickKeyword.click(ClickKeyword.groovy:86)
	at com.kms.katalon.core.webui.keyword.builtin.ClickKeyword.execute(ClickKeyword.groovy:67)
	at com.kms.katalon.core.keyword.internal.KeywordExecutor.executeKeywordForPlatform(KeywordExecutor.groovy:53)
	at com.kms.katalon.core.webui.keyword.WebUiBuiltInKeywords.click(WebUiBuiltInKeywords.groovy:616)
	at com.kms.katalon.core.webui.keyword.WebUiBuiltInKeywords$click$3.call(Unknown Source)
	at 18 Edit product.run(18 Edit product:28)
	at com.kms.katalon.core.main.ScriptEngine.run(ScriptEngine.java:194)
	at com.kms.katalon.core.main.ScriptEngine.runScriptAsRawText(ScriptEngine.java:119)
	at com.kms.katalon.core.main.TestCaseExecutor.runScript(TestCaseExecutor.java:328)
	at com.kms.katalon.core.main.TestCaseExecutor.doExecute(TestCaseExecutor.java:319)
	at com.kms.katalon.core.main.TestCaseExecutor.processExecutionPhase(TestCaseExecutor.java:298)
	at com.kms.katalon.core.main.TestCaseExecutor.accessMainPhase(TestCaseExecutor.java:290)
	at com.kms.katalon.core.main.TestCaseExecutor.execute(TestCaseExecutor.java:224)
	at com.kms.katalon.core.main.TestSuiteExecutor.accessTestCaseMainPhase(TestSuiteExecutor.java:129)
	at com.kms.katalon.core.main.TestSuiteExecutor.accessTestSuiteMainPhase(TestSuiteExecutor.java:112)
	at com.kms.katalon.core.main.TestSuiteExecutor.execute(TestSuiteExecutor.java:81)
	at com.kms.katalon.core.main.TestCaseMain.startTestSuite(TestCaseMain.java:149)
	at com.kms.katalon.core.main.TestCaseMain$startTestSuite$0.call(Unknown Source)
	at TempTestSuite1547931917535.run(TempTestSuite1547931917535.groovy:36)


2019-01-19 22:09:05 - [MESSAGE][INFO] - Unable to find the element located by 'By.xpath: //div[@id='navbarLeftResponsive']/ul/li[2]/a'. Please recheck the objects properties to make sure the desired element is located. 

2019-01-19 22:09:06 - [MESSAGE][FAILED] - Unable to click on object 'Object Repository/Page_Shop ZPW/a_Products (2)' (Root cause: com.kms.katalon.core.webui.exception.WebElementNotFoundException: Web element with id: 'Object Repository/Page_Shop ZPW/a_Products (2)' located by 'By.xpath: //div[@id='navbarLeftResponsive']/ul/li[2]/a' not found)
[[ATTACHMENT|/Users/klusm/Documents/agh/Testowanie/shop-zpw-tests/shop-zpw-tests/Reports/UI Tests Depend on Data Source/20190119_220517/1547932145935.png]]

2019-01-19 22:09:06 - [MESSAGE][FAILED] - click(findTestObject("Page_Shop ZPW/a_Products (2)")) FAILED.
Reason:
com.kms.katalon.core.exception.StepFailedException: Unable to click on object 'Object Repository/Page_Shop ZPW/a_Products (2)' (Root cause: com.kms.katalon.core.webui.exception.WebElementNotFoundException: Web element with id: 'Object Repository/Page_Shop ZPW/a_Products (2)' located by 'By.xpath: //div[@id='navbarLeftResponsive']/ul/li[2]/a' not found)
	at com.kms.katalon.core.keyword.internal.KeywordMain.stepFailed(KeywordMain.groovy:36)
	at com.kms.katalon.core.webui.keyword.internal.WebUIKeywordMain.stepFailed(WebUIKeywordMain.groovy:65)
	at com.kms.katalon.core.webui.keyword.internal.WebUIKeywordMain.runKeyword(WebUIKeywordMain.groovy:27)
	at com.kms.katalon.core.webui.keyword.builtin.ClickKeyword.click(ClickKeyword.groovy:86)
	at com.kms.katalon.core.webui.keyword.builtin.ClickKeyword.execute(ClickKeyword.groovy:67)
	at com.kms.katalon.core.keyword.internal.KeywordExecutor.executeKeywordForPlatform(KeywordExecutor.groovy:53)
	at com.kms.katalon.core.webui.keyword.WebUiBuiltInKeywords.click(WebUiBuiltInKeywords.groovy:616)
	at com.kms.katalon.core.webui.keyword.WebUiBuiltInKeywords$click$3.call(Unknown Source)
	at 18 Edit product.run(18 Edit product:28)
	at com.kms.katalon.core.main.ScriptEngine.run(ScriptEngine.java:194)
	at com.kms.katalon.core.main.ScriptEngine.runScriptAsRawText(ScriptEngine.java:119)
	at com.kms.katalon.core.main.TestCaseExecutor.runScript(TestCaseExecutor.java:328)
	at com.kms.katalon.core.main.TestCaseExecutor.doExecute(TestCaseExecutor.java:319)
	at com.kms.katalon.core.main.TestCaseExecutor.processExecutionPhase(TestCaseExecutor.java:298)
	at com.kms.katalon.core.main.TestCaseExecutor.accessMainPhase(TestCaseExecutor.java:290)
	at com.kms.katalon.core.main.TestCaseExecutor.execute(TestCaseExecutor.java:224)
	at com.kms.katalon.core.main.TestSuiteExecutor.accessTestCaseMainPhase(TestSuiteExecutor.java:129)
	at com.kms.katalon.core.main.TestSuiteExecutor.accessTestSuiteMainPhase(TestSuiteExecutor.java:112)
	at com.kms.katalon.core.main.TestSuiteExecutor.execute(TestSuiteExecutor.java:81)
	at com.kms.katalon.core.main.TestCaseMain.startTestSuite(TestCaseMain.java:149)
	at com.kms.katalon.core.main.TestCaseMain$startTestSuite$0.call(Unknown Source)
	at TempTestSuite1547931917535.run(TempTestSuite1547931917535.groovy:36)]]></system-out>
         <system-err><![CDATA[2019-01-19 22:08:19 - [TEST_CASE][FAILED] - Test Cases/Web UI Tests/Products/18 Edit product: Test Cases/Web UI Tests/Products/18 Edit product FAILED.
Reason:
com.kms.katalon.core.exception.StepFailedException: Unable to click on object 'Object Repository/Page_Shop ZPW/a_Products (2)' (Root cause: com.kms.katalon.core.webui.exception.WebElementNotFoundException: Web element with id: 'Object Repository/Page_Shop ZPW/a_Products (2)' located by 'By.xpath: //div[@id='navbarLeftResponsive']/ul/li[2]/a' not found)
	at com.kms.katalon.core.keyword.internal.KeywordMain.stepFailed(KeywordMain.groovy:36)
	at com.kms.katalon.core.webui.keyword.internal.WebUIKeywordMain.stepFailed(WebUIKeywordMain.groovy:65)
	at com.kms.katalon.core.webui.keyword.internal.WebUIKeywordMain.runKeyword(WebUIKeywordMain.groovy:27)
	at com.kms.katalon.core.webui.keyword.builtin.ClickKeyword.click(ClickKeyword.groovy:86)
	at com.kms.katalon.core.webui.keyword.builtin.ClickKeyword.execute(ClickKeyword.groovy:67)
	at com.kms.katalon.core.keyword.internal.KeywordExecutor.executeKeywordForPlatform(KeywordExecutor.groovy:53)
	at com.kms.katalon.core.webui.keyword.WebUiBuiltInKeywords.click(WebUiBuiltInKeywords.groovy:616)
	at com.kms.katalon.core.webui.keyword.WebUiBuiltInKeywords$click$3.call(Unknown Source)
	at 18 Edit product.run(18 Edit product:28)
	at com.kms.katalon.core.main.ScriptEngine.run(ScriptEngine.java:194)
	at com.kms.katalon.core.main.ScriptEngine.runScriptAsRawText(ScriptEngine.java:119)
	at com.kms.katalon.core.main.TestCaseExecutor.runScript(TestCaseExecutor.java:328)
	at com.kms.katalon.core.main.TestCaseExecutor.doExecute(TestCaseExecutor.java:319)
	at com.kms.katalon.core.main.TestCaseExecutor.processExecutionPhase(TestCaseExecutor.java:298)
	at com.kms.katalon.core.main.TestCaseExecutor.accessMainPhase(TestCaseExecutor.java:290)
	at com.kms.katalon.core.main.TestCaseExecutor.execute(TestCaseExecutor.java:224)
	at com.kms.katalon.core.main.TestSuiteExecutor.accessTestCaseMainPhase(TestSuiteExecutor.java:129)
	at com.kms.katalon.core.main.TestSuiteExecutor.accessTestSuiteMainPhase(TestSuiteExecutor.java:112)
	at com.kms.katalon.core.main.TestSuiteExecutor.execute(TestSuiteExecutor.java:81)
	at com.kms.katalon.core.main.TestCaseMain.startTestSuite(TestCaseMain.java:149)
	at com.kms.katalon.core.main.TestCaseMain$startTestSuite$0.call(Unknown Source)
	at TempTestSuite1547931917535.run(TempTestSuite1547931917535.groovy:36)]]></system-err>
      </testcase>
      <testcase name="Test Cases/Web UI Tests/Products/19 Delete product" classname="Test Cases/Web UI Tests/Products/19 Delete product" status="PASSED">
         <system-out><![CDATA[2019-01-19 22:09:06 - [TEST_CASE][PASSED] - Test Cases/Web UI Tests/Products/19 Delete product: Test Cases/Web UI Tests/Products/19 Delete product

2019-01-19 22:09:06 - [TEST_STEP][PASSED] - openBrowser(""): Browser is opened with url: ''

2019-01-19 22:09:06 - [MESSAGE][WARNING] - A browser is already opened. Closing browser and opening a new one

2019-01-19 22:09:07 - [MESSAGE][INFO] - Starting 'Firefox' driver

2019-01-19 22:09:09 - [MESSAGE][PASSED] - Browser is opened with url: ''

2019-01-19 22:09:09 - [TEST_STEP][PASSED] - navigateToUrl("https://hidden-meadow-13855.herokuapp.com/"): Navigate to 'https://hidden-meadow-13855.herokuapp.com/' successfully

2019-01-19 22:09:16 - [MESSAGE][PASSED] - Navigate to 'https://hidden-meadow-13855.herokuapp.com/' successfully

2019-01-19 22:09:16 - [TEST_STEP][PASSED] - setText(findTestObject("Page_Shop ZPW/input_Email_email"), "admin@shop.com"): Text 'admin@shop.com' is set on object 'Object Repository/Page_Shop ZPW/input_Email_email'

2019-01-19 22:09:19 - [MESSAGE][PASSED] - Text 'admin@shop.com' is set on object 'Object Repository/Page_Shop ZPW/input_Email_email'

2019-01-19 22:09:19 - [TEST_STEP][PASSED] - setEncryptedText(findTestObject("Page_Shop ZPW/input_Password_password"), "8SQVv/p9jVScEs4/2CZsLw=="): Text ****** has been set on object 'Object Repository/Page_Shop ZPW/input_Password_password'

2019-01-19 22:09:19 - [MESSAGE][PASSED] - Text ****** has been set on object 'Object Repository/Page_Shop ZPW/input_Password_password'

2019-01-19 22:09:19 - [TEST_STEP][PASSED] - click(findTestObject("Page_Shop ZPW/button_Login")): Object: 'Object Repository/Page_Shop ZPW/button_Login' is clicked on

2019-01-19 22:09:20 - [MESSAGE][PASSED] - Object: 'Object Repository/Page_Shop ZPW/button_Login' is clicked on

2019-01-19 22:09:20 - [TEST_STEP][PASSED] - click(findTestObject("Page_Shop ZPW/a_Administrator Panel")): Object: 'Object Repository/Page_Shop ZPW/a_Administrator Panel' is clicked on

2019-01-19 22:09:24 - [MESSAGE][PASSED] - Object: 'Object Repository/Page_Shop ZPW/a_Administrator Panel' is clicked on

2019-01-19 22:09:24 - [TEST_STEP][PASSED] - click(findTestObject("Page_Shop ZPW/a_Products")): Object: 'Object Repository/Page_Shop ZPW/a_Products' is clicked on

2019-01-19 22:09:26 - [MESSAGE][PASSED] - Object: 'Object Repository/Page_Shop ZPW/a_Products' is clicked on

2019-01-19 22:09:26 - [TEST_STEP][PASSED] - click(findTestObject("Page_Shop ZPW/i_5.00_fa fa-trash-o")): Object: 'Object Repository/Page_Shop ZPW/i_5.00_fa fa-trash-o' is clicked on

2019-01-19 22:09:27 - [MESSAGE][PASSED] - Object: 'Object Repository/Page_Shop ZPW/i_5.00_fa fa-trash-o' is clicked on

2019-01-19 22:09:27 - [TEST_STEP][PASSED] - verifyElementNotPresent(findTestObject("Page_Shop ZPW/td_Test"), 5): Web element with id: 'Object Repository/Page_Shop ZPW/td_Test' located by 'By.xpath: (.//*[normalize-space(text()) and normalize-space(.)='$15.00'])[1]/following::td[3]' is not present after '5' second(s)

2019-01-19 22:09:27 - [MESSAGE][PASSED] - Web element with id: 'Object Repository/Page_Shop ZPW/td_Test' located by 'By.xpath: (.//*[normalize-space(text()) and normalize-space(.)='$15.00'])[1]/following::td[3]' is not present after '5' second(s)

2019-01-19 22:09:27 - [TEST_STEP][PASSED] - click(findTestObject("Page_Shop ZPW/button_Logout")): Object: 'Object Repository/Page_Shop ZPW/button_Logout' is clicked on

2019-01-19 22:09:28 - [MESSAGE][PASSED] - Object: 'Object Repository/Page_Shop ZPW/button_Logout' is clicked on

2019-01-19 22:09:28 - [TEST_STEP][PASSED] - closeBrowser(): Browser is closed

2019-01-19 22:09:29 - [MESSAGE][PASSED] - Browser is closed]]></system-out>
         <system-err><![CDATA[]]></system-err>
      </testcase>
      <system-out><![CDATA[2019-01-19 22:05:19 - [TEST_SUITE][FAILED] - UI Tests Depend on Data Source: Test Cases/Web UI Tests/Orders/14 Order which empty product FAILED.
Reason:
com.kms.katalon.core.exception.StepFailedException: Unable to verify object 'Object Repository/Page_Shop ZPW/a_TV' is not present (Root cause: com.kms.katalon.core.exception.StepFailedException: Web element with id: 'Object Repository/Page_Shop ZPW/a_TV' located by 'By.xpath: //a[contains(text(),'TV')]' is present after '2' second(s))
	at com.kms.katalon.core.keyword.internal.KeywordMain.stepFailed(KeywordMain.groovy:36)
	at com.kms.katalon.core.webui.keyword.internal.WebUIKeywordMain.stepFailed(WebUIKeywordMain.groovy:65)
	at com.kms.katalon.core.webui.keyword.internal.WebUIKeywordMain.runKeyword(WebUIKeywordMain.groovy:27)
	at com.kms.katalon.core.webui.keyword.builtin.VerifyElementNotPresentKeyword.verifyElementNotPresent(VerifyElementNotPresentKeyword.groovy:118)
	at com.kms.katalon.core.webui.keyword.builtin.VerifyElementNotPresentKeyword.execute(VerifyElementNotPresentKeyword.groovy:68)
	at com.kms.katalon.core.keyword.internal.KeywordExecutor.executeKeywordForPlatform(KeywordExecutor.groovy:53)
	at com.kms.katalon.core.webui.keyword.WebUiBuiltInKeywords.verifyElementNotPresent(WebUiBuiltInKeywords.groovy:1467)
	at com.kms.katalon.core.webui.keyword.WebUiBuiltInKeywords$verifyElementNotPresent$5.call(Unknown Source)
	at 14 Order which empty product.run(14 Order which empty product:36)
	at com.kms.katalon.core.main.ScriptEngine.run(ScriptEngine.java:194)
	at com.kms.katalon.core.main.ScriptEngine.runScriptAsRawText(ScriptEngine.java:119)
	at com.kms.katalon.core.main.TestCaseExecutor.runScript(TestCaseExecutor.java:328)
	at com.kms.katalon.core.main.TestCaseExecutor.doExecute(TestCaseExecutor.java:319)
	at com.kms.katalon.core.main.TestCaseExecutor.processExecutionPhase(TestCaseExecutor.java:298)
	at com.kms.katalon.core.main.TestCaseExecutor.accessMainPhase(TestCaseExecutor.java:290)
	at com.kms.katalon.core.main.TestCaseExecutor.execute(TestCaseExecutor.java:224)
	at com.kms.katalon.core.main.TestSuiteExecutor.accessTestCaseMainPhase(TestSuiteExecutor.java:129)
	at com.kms.katalon.core.main.TestSuiteExecutor.accessTestSuiteMainPhase(TestSuiteExecutor.java:112)
	at com.kms.katalon.core.main.TestSuiteExecutor.execute(TestSuiteExecutor.java:81)
	at com.kms.katalon.core.main.TestCaseMain.startTestSuite(TestCaseMain.java:149)
	at com.kms.katalon.core.main.TestCaseMain$startTestSuite$0.call(Unknown Source)
	at TempTestSuite1547931917535.run(TempTestSuite1547931917535.groovy:36)]]></system-out>
      <system-err><![CDATA[2019-01-19 22:05:19 - [TEST_SUITE][FAILED] - UI Tests Depend on Data Source: Test Cases/Web UI Tests/Orders/14 Order which empty product FAILED.
Reason:
com.kms.katalon.core.exception.StepFailedException: Unable to verify object 'Object Repository/Page_Shop ZPW/a_TV' is not present (Root cause: com.kms.katalon.core.exception.StepFailedException: Web element with id: 'Object Repository/Page_Shop ZPW/a_TV' located by 'By.xpath: //a[contains(text(),'TV')]' is present after '2' second(s))
	at com.kms.katalon.core.keyword.internal.KeywordMain.stepFailed(KeywordMain.groovy:36)
	at com.kms.katalon.core.webui.keyword.internal.WebUIKeywordMain.stepFailed(WebUIKeywordMain.groovy:65)
	at com.kms.katalon.core.webui.keyword.internal.WebUIKeywordMain.runKeyword(WebUIKeywordMain.groovy:27)
	at com.kms.katalon.core.webui.keyword.builtin.VerifyElementNotPresentKeyword.verifyElementNotPresent(VerifyElementNotPresentKeyword.groovy:118)
	at com.kms.katalon.core.webui.keyword.builtin.VerifyElementNotPresentKeyword.execute(VerifyElementNotPresentKeyword.groovy:68)
	at com.kms.katalon.core.keyword.internal.KeywordExecutor.executeKeywordForPlatform(KeywordExecutor.groovy:53)
	at com.kms.katalon.core.webui.keyword.WebUiBuiltInKeywords.verifyElementNotPresent(WebUiBuiltInKeywords.groovy:1467)
	at com.kms.katalon.core.webui.keyword.WebUiBuiltInKeywords$verifyElementNotPresent$5.call(Unknown Source)
	at 14 Order which empty product.run(14 Order which empty product:36)
	at com.kms.katalon.core.main.ScriptEngine.run(ScriptEngine.java:194)
	at com.kms.katalon.core.main.ScriptEngine.runScriptAsRawText(ScriptEngine.java:119)
	at com.kms.katalon.core.main.TestCaseExecutor.runScript(TestCaseExecutor.java:328)
	at com.kms.katalon.core.main.TestCaseExecutor.doExecute(TestCaseExecutor.java:319)
	at com.kms.katalon.core.main.TestCaseExecutor.processExecutionPhase(TestCaseExecutor.java:298)
	at com.kms.katalon.core.main.TestCaseExecutor.accessMainPhase(TestCaseExecutor.java:290)
	at com.kms.katalon.core.main.TestCaseExecutor.execute(TestCaseExecutor.java:224)
	at com.kms.katalon.core.main.TestSuiteExecutor.accessTestCaseMainPhase(TestSuiteExecutor.java:129)
	at com.kms.katalon.core.main.TestSuiteExecutor.accessTestSuiteMainPhase(TestSuiteExecutor.java:112)
	at com.kms.katalon.core.main.TestSuiteExecutor.execute(TestSuiteExecutor.java:81)
	at com.kms.katalon.core.main.TestCaseMain.startTestSuite(TestCaseMain.java:149)
	at com.kms.katalon.core.main.TestCaseMain$startTestSuite$0.call(Unknown Source)
	at TempTestSuite1547931917535.run(TempTestSuite1547931917535.groovy:36)]]></system-err>
   </testsuite>
</testsuites>
